{"uid":"790a9386b235b591","name":"Verify header panel welcome message","fullName":"Verify the structure of the header: Verify header panel welcome message","historyId":"e5f69d68e15a2d5a94ae3a713d93e4d","time":{"start":1675944847258,"stop":1675944854279,"duration":7021},"status":"broken","statusMessage":"Could not invoke step [user navigates to home page] defined at 'org.eugens21.luma.steps.HomePageSteps.userNavigatesToPage()'.\nIt appears there was a problem with the step definition.\nThe converted arguments types were ()","statusTrace":"io.cucumber.core.exception.CucumberException: Could not invoke step [user navigates to home page] defined at 'org.eugens21.luma.steps.HomePageSteps.userNavigatesToPage()'.\nIt appears there was a problem with the step definition.\nThe converted arguments types were ()\n\tat io.cucumber.core.runner.PickleStepDefinitionMatch.couldNotInvokeStep(PickleStepDefinitionMatch.java:130)\n\tat io.cucumber.core.runner.PickleStepDefinitionMatch.runStep(PickleStepDefinitionMatch.java:65)\n\tat io.cucumber.core.runner.ExecutionMode$1.execute(ExecutionMode.java:10)\n\tat io.cucumber.core.runner.TestStep.executeStep(TestStep.java:85)\n\tat io.cucumber.core.runner.TestStep.run(TestStep.java:57)\n\tat io.cucumber.core.runner.PickleStepTestStep.run(PickleStepTestStep.java:51)\n\tat io.cucumber.core.runner.TestCase.run(TestCase.java:84)\n\tat io.cucumber.core.runner.Runner.runPickle(Runner.java:75)\n\tat io.cucumber.testng.TestNGCucumberRunner.lambda$runScenario$1(TestNGCucumberRunner.java:132)\n\tat io.cucumber.core.runtime.CucumberExecutionContext.lambda$runTestCase$5(CucumberExecutionContext.java:129)\n\tat io.cucumber.core.runtime.RethrowingThrowableCollector.executeAndThrow(RethrowingThrowableCollector.java:23)\n\tat io.cucumber.core.runtime.CucumberExecutionContext.runTestCase(CucumberExecutionContext.java:129)\n\tat io.cucumber.testng.TestNGCucumberRunner.runScenario(TestNGCucumberRunner.java:129)\n\tat io.cucumber.testng.AbstractTestNGCucumberTests.runScenario(AbstractTestNGCucumberTests.java:35)\n\tat java.base/jdk.internal.reflect.NativeMethodAccessorImpl.invoke0(Native Method)\n\tat java.base/jdk.internal.reflect.NativeMethodAccessorImpl.invoke(NativeMethodAccessorImpl.java:77)\n\tat java.base/jdk.internal.reflect.DelegatingMethodAccessorImpl.invoke(DelegatingMethodAccessorImpl.java:43)\n\tat java.base/java.lang.reflect.Method.invoke(Method.java:568)\n\tat org.testng.internal.invokers.MethodInvocationHelper.invokeMethod(MethodInvocationHelper.java:139)\n\tat org.testng.internal.invokers.TestInvoker.invokeMethod(TestInvoker.java:677)\n\tat org.testng.internal.invokers.TestInvoker.invokeTestMethod(TestInvoker.java:221)\n\tat org.testng.internal.invokers.MethodRunner.runInSequence(MethodRunner.java:50)\n\tat org.testng.internal.invokers.TestInvoker$MethodInvocationAgent.invoke(TestInvoker.java:969)\n\tat org.testng.internal.invokers.TestInvoker.invokeTestMethods(TestInvoker.java:194)\n\tat org.testng.internal.invokers.TestMethodWorker.invokeTestMethods(TestMethodWorker.java:148)\n\tat org.testng.internal.invokers.TestMethodWorker.run(TestMethodWorker.java:128)\n\tat java.base/java.util.ArrayList.forEach(ArrayList.java:1511)\n\tat org.testng.TestRunner.privateRun(TestRunner.java:829)\n\tat org.testng.TestRunner.run(TestRunner.java:602)\n\tat org.testng.SuiteRunner.runTest(SuiteRunner.java:437)\n\tat org.testng.SuiteRunner.runSequentially(SuiteRunner.java:431)\n\tat org.testng.SuiteRunner.privateRun(SuiteRunner.java:391)\n\tat org.testng.SuiteRunner.run(SuiteRunner.java:330)\n\tat org.testng.SuiteRunnerWorker.runSuite(SuiteRunnerWorker.java:52)\n\tat org.testng.SuiteRunnerWorker.run(SuiteRunnerWorker.java:95)\n\tat org.testng.TestNG.runSuitesSequentially(TestNG.java:1256)\n\tat org.testng.TestNG.runSuitesLocally(TestNG.java:1176)\n\tat org.testng.TestNG.runSuites(TestNG.java:1099)\n\tat org.testng.TestNG.run(TestNG.java:1067)\n\tat org.apache.maven.surefire.testng.TestNGExecutor.run(TestNGExecutor.java:135)\n\tat org.apache.maven.surefire.testng.TestNGDirectoryTestSuite.executeSingleClass(TestNGDirectoryTestSuite.java:112)\n\tat org.apache.maven.surefire.testng.TestNGDirectoryTestSuite.execute(TestNGDirectoryTestSuite.java:99)\n\tat org.apache.maven.surefire.testng.TestNGProvider.invoke(TestNGProvider.java:146)\n\tat java.base/jdk.internal.reflect.NativeMethodAccessorImpl.invoke0(Native Method)\n\tat java.base/jdk.internal.reflect.NativeMethodAccessorImpl.invoke(NativeMethodAccessorImpl.java:77)\n\tat java.base/jdk.internal.reflect.DelegatingMethodAccessorImpl.invoke(DelegatingMethodAccessorImpl.java:43)\n\tat java.base/java.lang.reflect.Method.invoke(Method.java:568)\n\tat org.apache.maven.surefire.util.ReflectionUtils.invokeMethodWithArray2(ReflectionUtils.java:206)\n\tat org.apache.maven.surefire.booter.ProviderFactory$ProviderProxy.invoke(ProviderFactory.java:161)\n\tat org.apache.maven.surefire.booter.ProviderFactory.invokeProvider(ProviderFactory.java:84)\n\tat org.apache.maven.plugin.surefire.InPluginVMSurefireStarter.runSuitesInProcess(InPluginVMSurefireStarter.java:87)\n\tat org.apache.maven.plugin.surefire.AbstractSurefireMojo.executeProvider(AbstractSurefireMojo.java:1166)\n\tat org.apache.maven.plugin.surefire.AbstractSurefireMojo.executeAfterPreconditionsChecked(AbstractSurefireMojo.java:1011)\n\tat org.apache.maven.plugin.surefire.AbstractSurefireMojo.execute(AbstractSurefireMojo.java:857)\n\tat org.apache.maven.plugin.DefaultBuildPluginManager.executeMojo(DefaultBuildPluginManager.java:137)\n\tat org.apache.maven.lifecycle.internal.MojoExecutor.doExecute2(MojoExecutor.java:370)\n\tat org.apache.maven.lifecycle.internal.MojoExecutor.doExecute(MojoExecutor.java:351)\n\tat org.apache.maven.lifecycle.internal.MojoExecutor.execute(MojoExecutor.java:215)\n\tat org.apache.maven.lifecycle.internal.MojoExecutor.execute(MojoExecutor.java:171)\n\tat org.apache.maven.lifecycle.internal.MojoExecutor.execute(MojoExecutor.java:163)\n\tat org.apache.maven.lifecycle.internal.LifecycleModuleBuilder.buildProject(LifecycleModuleBuilder.java:117)\n\tat org.apache.maven.lifecycle.internal.LifecycleModuleBuilder.buildProject(LifecycleModuleBuilder.java:81)\n\tat org.apache.maven.lifecycle.internal.builder.singlethreaded.SingleThreadedBuilder.build(SingleThreadedBuilder.java:56)\n\tat org.apache.maven.lifecycle.internal.LifecycleStarter.execute(LifecycleStarter.java:128)\n\tat org.apache.maven.DefaultMaven.doExecute(DefaultMaven.java:298)\n\tat org.apache.maven.DefaultMaven.doExecute(DefaultMaven.java:192)\n\tat org.apache.maven.DefaultMaven.execute(DefaultMaven.java:105)\n\tat org.apache.maven.cli.MavenCli.execute(MavenCli.java:960)\n\tat org.apache.maven.cli.MavenCli.doMain(MavenCli.java:293)\n\tat org.apache.maven.cli.MavenCli.main(MavenCli.java:196)\n\tat java.base/jdk.internal.reflect.NativeMethodAccessorImpl.invoke0(Native Method)\n\tat java.base/jdk.internal.reflect.NativeMethodAccessorImpl.invoke(NativeMethodAccessorImpl.java:77)\n\tat java.base/jdk.internal.reflect.DelegatingMethodAccessorImpl.invoke(DelegatingMethodAccessorImpl.java:43)\n\tat java.base/java.lang.reflect.Method.invoke(Method.java:568)\n\tat org.codehaus.plexus.classworlds.launcher.Launcher.launchEnhanced(Launcher.java:282)\n\tat org.codehaus.plexus.classworlds.launcher.Launcher.launch(Launcher.java:225)\n\tat org.codehaus.plexus.classworlds.launcher.Launcher.mainWithExitCode(Launcher.java:406)\n\tat org.codehaus.plexus.classworlds.launcher.Launcher.main(Launcher.java:347)\nCaused by: io.cucumber.core.backend.CucumberBackendException: Error creating bean with name 'org.eugens21.luma.steps.HomePageSteps': Unsatisfied dependency expressed through constructor parameter 1: Error creating bean with name 'browserService' defined in file [/home/runner/work/playwright/playwright/target/test-classes/org/eugens21/luma/web/service/BrowserService.class]: Unsatisfied dependency expressed through constructor parameter 0: Error creating bean with name 'browser' defined in file [/home/runner/work/playwright/playwright/target/test-classes/org/eugens21/luma/web/driver/Browser.class]: Unsatisfied dependency expressed through constructor parameter 0: Error creating bean with name 'getPlaywright' defined in class path resource [org/eugens21/luma/web/playwright/Instance.class]: Failed to instantiate [com.microsoft.playwright.Playwright]: Factory method 'getPlaywright' threw exception with message: Failed to create driver\n\tat io.cucumber.spring.SpringFactory.getInstance(SpringFactory.java:136)\n\tat io.cucumber.java.AbstractGlueDefinition.invokeMethod(AbstractGlueDefinition.java:47)\n\tat io.cucumber.java.JavaStepDefinition.execute(JavaStepDefinition.java:29)\n\tat io.cucumber.core.runner.CoreStepDefinition.execute(CoreStepDefinition.java:66)\n\tat io.cucumber.core.runner.PickleStepDefinitionMatch.runStep(PickleStepDefinitionMatch.java:63)\n\t... 76 more\nCaused by: org.springframework.beans.factory.UnsatisfiedDependencyException: Error creating bean with name 'org.eugens21.luma.steps.HomePageSteps': Unsatisfied dependency expressed through constructor parameter 1: Error creating bean with name 'browserService' defined in file [/home/runner/work/playwright/playwright/target/test-classes/org/eugens21/luma/web/service/BrowserService.class]: Unsatisfied dependency expressed through constructor parameter 0: Error creating bean with name 'browser' defined in file [/home/runner/work/playwright/playwright/target/test-classes/org/eugens21/luma/web/driver/Browser.class]: Unsatisfied dependency expressed through constructor parameter 0: Error creating bean with name 'getPlaywright' defined in class path resource [org/eugens21/luma/web/playwright/Instance.class]: Failed to instantiate [com.microsoft.playwright.Playwright]: Factory method 'getPlaywright' threw exception with message: Failed to create driver\n\tat org.springframework.beans.factory.support.ConstructorResolver.createArgumentArray(ConstructorResolver.java:798)\n\tat org.springframework.beans.factory.support.ConstructorResolver.autowireConstructor(ConstructorResolver.java:245)\n\tat org.springframework.beans.factory.support.AbstractAutowireCapableBeanFactory.autowireConstructor(AbstractAutowireCapableBeanFactory.java:1344)\n\tat org.springframework.beans.factory.support.AbstractAutowireCapableBeanFactory.createBeanInstance(AbstractAutowireCapableBeanFactory.java:1188)\n\tat org.springframework.beans.factory.support.AbstractAutowireCapableBeanFactory.doCreateBean(AbstractAutowireCapableBeanFactory.java:561)\n\tat org.springframework.beans.factory.support.AbstractAutowireCapableBeanFactory.createBean(AbstractAutowireCapableBeanFactory.java:521)\n\tat org.springframework.beans.factory.support.AbstractBeanFactory.lambda$doGetBean$1(AbstractBeanFactory.java:365)\n\tat io.cucumber.spring.CucumberScenarioScope.get(CucumberScenarioScope.java:13)\n\tat org.springframework.beans.factory.support.AbstractBeanFactory.doGetBean(AbstractBeanFactory.java:362)\n\tat org.springframework.beans.factory.support.AbstractBeanFactory.getBean(AbstractBeanFactory.java:225)\n\tat org.springframework.beans.factory.support.DefaultListableBeanFactory.resolveNamedBean(DefaultListableBeanFactory.java:1298)\n\tat org.springframework.beans.factory.support.DefaultListableBeanFactory.resolveNamedBean(DefaultListableBeanFactory.java:1259)\n\tat org.springframework.beans.factory.support.DefaultListableBeanFactory.resolveBean(DefaultListableBeanFactory.java:483)\n\tat org.springframework.beans.factory.support.DefaultListableBeanFactory.getBean(DefaultListableBeanFactory.java:338)\n\tat org.springframework.beans.factory.support.DefaultListableBeanFactory.getBean(DefaultListableBeanFactory.java:331)\n\tat org.springframework.context.support.AbstractApplicationContext.getBean(AbstractApplicationContext.java:1148)\n\tat io.cucumber.spring.TestContextAdaptor.getInstance(TestContextAdaptor.java:232)\n\tat io.cucumber.spring.SpringFactory.getInstance(SpringFactory.java:134)\n\t... 80 more\nCaused by: org.springframework.beans.factory.UnsatisfiedDependencyException: Error creating bean with name 'browserService' defined in file [/home/runner/work/playwright/playwright/target/test-classes/org/eugens21/luma/web/service/BrowserService.class]: Unsatisfied dependency expressed through constructor parameter 0: Error creating bean with name 'browser' defined in file [/home/runner/work/playwright/playwright/target/test-classes/org/eugens21/luma/web/driver/Browser.class]: Unsatisfied dependency expressed through constructor parameter 0: Error creating bean with name 'getPlaywright' defined in class path resource [org/eugens21/luma/web/playwright/Instance.class]: Failed to instantiate [com.microsoft.playwright.Playwright]: Factory method 'getPlaywright' threw exception with message: Failed to create driver\n\tat org.springframework.beans.factory.support.ConstructorResolver.createArgumentArray(ConstructorResolver.java:798)\n\tat org.springframework.beans.factory.support.ConstructorResolver.autowireConstructor(ConstructorResolver.java:245)\n\tat org.springframework.beans.factory.support.AbstractAutowireCapableBeanFactory.autowireConstructor(AbstractAutowireCapableBeanFactory.java:1344)\n\tat org.springframework.beans.factory.support.AbstractAutowireCapableBeanFactory.createBeanInstance(AbstractAutowireCapableBeanFactory.java:1188)\n\tat org.springframework.beans.factory.support.AbstractAutowireCapableBeanFactory.doCreateBean(AbstractAutowireCapableBeanFactory.java:561)\n\tat org.springframework.beans.factory.support.AbstractAutowireCapableBeanFactory.createBean(AbstractAutowireCapableBeanFactory.java:521)\n\tat org.springframework.beans.factory.support.AbstractBeanFactory.lambda$doGetBean$0(AbstractBeanFactory.java:326)\n\tat org.springframework.beans.factory.support.DefaultSingletonBeanRegistry.getSingleton(DefaultSingletonBeanRegistry.java:234)\n\tat org.springframework.beans.factory.support.AbstractBeanFactory.doGetBean(AbstractBeanFactory.java:324)\n\tat org.springframework.beans.factory.support.AbstractBeanFactory.getBean(AbstractBeanFactory.java:200)\n\tat org.springframework.beans.factory.config.DependencyDescriptor.resolveCandidate(DependencyDescriptor.java:254)\n\tat org.springframework.beans.factory.support.DefaultListableBeanFactory.doResolveDependency(DefaultListableBeanFactory.java:1405)\n\tat org.springframework.beans.factory.support.DefaultListableBeanFactory.resolveDependency(DefaultListableBeanFactory.java:1325)\n\tat org.springframework.beans.factory.support.ConstructorResolver.resolveAutowiredArgument(ConstructorResolver.java:885)\n\tat org.springframework.beans.factory.support.ConstructorResolver.createArgumentArray(ConstructorResolver.java:789)\n\t... 97 more\nCaused by: org.springframework.beans.factory.UnsatisfiedDependencyException: Error creating bean with name 'browser' defined in file [/home/runner/work/playwright/playwright/target/test-classes/org/eugens21/luma/web/driver/Browser.class]: Unsatisfied dependency expressed through constructor parameter 0: Error creating bean with name 'getPlaywright' defined in class path resource [org/eugens21/luma/web/playwright/Instance.class]: Failed to instantiate [com.microsoft.playwright.Playwright]: Factory method 'getPlaywright' threw exception with message: Failed to create driver\n\tat org.springframework.beans.factory.support.ConstructorResolver.createArgumentArray(ConstructorResolver.java:798)\n\tat org.springframework.beans.factory.support.ConstructorResolver.autowireConstructor(ConstructorResolver.java:245)\n\tat org.springframework.beans.factory.support.AbstractAutowireCapableBeanFactory.autowireConstructor(AbstractAutowireCapableBeanFactory.java:1344)\n\tat org.springframework.beans.factory.support.AbstractAutowireCapableBeanFactory.createBeanInstance(AbstractAutowireCapableBeanFactory.java:1188)\n\tat org.springframework.beans.factory.support.AbstractAutowireCapableBeanFactory.doCreateBean(AbstractAutowireCapableBeanFactory.java:561)\n\tat org.springframework.beans.factory.support.AbstractAutowireCapableBeanFactory.createBean(AbstractAutowireCapableBeanFactory.java:521)\n\tat org.springframework.beans.factory.support.AbstractBeanFactory.lambda$doGetBean$0(AbstractBeanFactory.java:326)\n\tat org.springframework.beans.factory.support.DefaultSingletonBeanRegistry.getSingleton(DefaultSingletonBeanRegistry.java:234)\n\tat org.springframework.beans.factory.support.AbstractBeanFactory.doGetBean(AbstractBeanFactory.java:324)\n\tat org.springframework.beans.factory.support.AbstractBeanFactory.getBean(AbstractBeanFactory.java:200)\n\tat org.springframework.beans.factory.support.ConstructorResolver.instantiateUsingFactoryMethod(ConstructorResolver.java:415)\n\tat org.springframework.beans.factory.support.AbstractAutowireCapableBeanFactory.instantiateUsingFactoryMethod(AbstractAutowireCapableBeanFactory.java:1324)\n\tat org.springframework.beans.factory.support.AbstractAutowireCapableBeanFactory.createBeanInstance(AbstractAutowireCapableBeanFactory.java:1161)\n\tat org.springframework.beans.factory.support.AbstractAutowireCapableBeanFactory.doCreateBean(AbstractAutowireCapableBeanFactory.java:561)\n\tat org.springframework.beans.factory.support.AbstractAutowireCapableBeanFactory.createBean(AbstractAutowireCapableBeanFactory.java:521)\n\tat org.springframework.beans.factory.support.AbstractBeanFactory.lambda$doGetBean$0(AbstractBeanFactory.java:326)\n\tat org.springframework.beans.factory.support.DefaultSingletonBeanRegistry.getSingleton(DefaultSingletonBeanRegistry.java:234)\n\tat org.springframework.beans.factory.support.AbstractBeanFactory.doGetBean(AbstractBeanFactory.java:324)\n\tat org.springframework.beans.factory.support.AbstractBeanFactory.getBean(AbstractBeanFactory.java:200)\n\tat org.springframework.beans.factory.config.DependencyDescriptor.resolveCandidate(DependencyDescriptor.java:254)\n\tat org.springframework.beans.factory.support.DefaultListableBeanFactory.doResolveDependency(DefaultListableBeanFactory.java:1405)\n\tat org.springframework.beans.factory.support.DefaultListableBeanFactory.resolveDependency(DefaultListableBeanFactory.java:1325)\n\tat org.springframework.beans.factory.support.ConstructorResolver.resolveAutowiredArgument(ConstructorResolver.java:885)\n\tat org.springframework.beans.factory.support.ConstructorResolver.createArgumentArray(ConstructorResolver.java:789)\n\t... 111 more\nCaused by: org.springframework.beans.factory.BeanCreationException: Error creating bean with name 'getPlaywright' defined in class path resource [org/eugens21/luma/web/playwright/Instance.class]: Failed to instantiate [com.microsoft.playwright.Playwright]: Factory method 'getPlaywright' threw exception with message: Failed to create driver\n\tat org.springframework.beans.factory.support.ConstructorResolver.instantiate(ConstructorResolver.java:657)\n\tat org.springframework.beans.factory.support.ConstructorResolver.instantiateUsingFactoryMethod(ConstructorResolver.java:491)\n\tat org.springframework.beans.factory.support.AbstractAutowireCapableBeanFactory.instantiateUsingFactoryMethod(AbstractAutowireCapableBeanFactory.java:1324)\n\tat org.springframework.beans.factory.support.AbstractAutowireCapableBeanFactory.createBeanInstance(AbstractAutowireCapableBeanFactory.java:1161)\n\tat org.springframework.beans.factory.support.AbstractAutowireCapableBeanFactory.doCreateBean(AbstractAutowireCapableBeanFactory.java:561)\n\tat org.springframework.beans.factory.support.AbstractAutowireCapableBeanFactory.createBean(AbstractAutowireCapableBeanFactory.java:521)\n\tat org.springframework.beans.factory.support.AbstractBeanFactory.lambda$doGetBean$0(AbstractBeanFactory.java:326)\n\tat org.springframework.beans.factory.support.DefaultSingletonBeanRegistry.getSingleton(DefaultSingletonBeanRegistry.java:234)\n\tat org.springframework.beans.factory.support.AbstractBeanFactory.doGetBean(AbstractBeanFactory.java:324)\n\tat org.springframework.beans.factory.support.AbstractBeanFactory.getBean(AbstractBeanFactory.java:200)\n\tat org.springframework.beans.factory.config.DependencyDescriptor.resolveCandidate(DependencyDescriptor.java:254)\n\tat org.springframework.beans.factory.support.DefaultListableBeanFactory.doResolveDependency(DefaultListableBeanFactory.java:1405)\n\tat org.springframework.beans.factory.support.DefaultListableBeanFactory.resolveDependency(DefaultListableBeanFactory.java:1325)\n\tat org.springframework.beans.factory.support.ConstructorResolver.resolveAutowiredArgument(ConstructorResolver.java:885)\n\tat org.springframework.beans.factory.support.ConstructorResolver.createArgumentArray(ConstructorResolver.java:789)\n\t... 134 more\nCaused by: org.springframework.beans.BeanInstantiationException: Failed to instantiate [com.microsoft.playwright.Playwright]: Factory method 'getPlaywright' threw exception with message: Failed to create driver\n\tat org.springframework.beans.factory.support.SimpleInstantiationStrategy.instantiate(SimpleInstantiationStrategy.java:171)\n\tat org.springframework.beans.factory.support.ConstructorResolver.instantiate(ConstructorResolver.java:653)\n\t... 148 more\nCaused by: java.lang.RuntimeException: Failed to create driver\n\tat com.microsoft.playwright.impl.driver.Driver.createAndInstall(Driver.java:105)\n\tat com.microsoft.playwright.impl.driver.Driver.ensureDriverInstalled(Driver.java:57)\n\tat com.microsoft.playwright.impl.PlaywrightImpl.createImpl(PlaywrightImpl.java:45)\n\tat com.microsoft.playwright.impl.PlaywrightImpl.create(PlaywrightImpl.java:35)\n\tat com.microsoft.playwright.Playwright.create(Playwright.java:96)\n\tat org.eugens21.luma.web.playwright.Instance.getPlaywright(Instance.java:35)\n\tat java.base/jdk.internal.reflect.NativeMethodAccessorImpl.invoke0(Native Method)\n\tat java.base/jdk.internal.reflect.NativeMethodAccessorImpl.invoke(NativeMethodAccessorImpl.java:77)\n\tat java.base/jdk.internal.reflect.DelegatingMethodAccessorImpl.invoke(DelegatingMethodAccessorImpl.java:43)\n\tat java.base/java.lang.reflect.Method.invoke(Method.java:568)\n\tat org.springframework.beans.factory.support.SimpleInstantiationStrategy.instantiate(SimpleInstantiationStrategy.java:139)\n\t... 149 more\nCaused by: java.lang.RuntimeException: Failed to install browsers, exit code: 1\n\tat com.microsoft.playwright.impl.driver.jar.DriverJar.installBrowsers(DriverJar.java:100)\n\tat com.microsoft.playwright.impl.driver.jar.DriverJar.initialize(DriverJar.java:69)\n\tat com.microsoft.playwright.impl.driver.Driver.initialize(Driver.java:64)\n\tat com.microsoft.playwright.impl.driver.Driver.createAndInstall(Driver.java:101)\n\t... 159 more\n","flaky":false,"newFailed":false,"newBroken":true,"newPassed":false,"retriesCount":0,"retriesStatusChange":false,"beforeStages":[],"testStage":{"status":"broken","statusMessage":"Could not invoke step [user navigates to home page] defined at 'org.eugens21.luma.steps.HomePageSteps.userNavigatesToPage()'.\nIt appears there was a problem with the step definition.\nThe converted arguments types were ()","statusTrace":"io.cucumber.core.exception.CucumberException: Could not invoke step [user navigates to home page] defined at 'org.eugens21.luma.steps.HomePageSteps.userNavigatesToPage()'.\nIt appears there was a problem with the step definition.\nThe converted arguments types were ()\n\tat io.cucumber.core.runner.PickleStepDefinitionMatch.couldNotInvokeStep(PickleStepDefinitionMatch.java:130)\n\tat io.cucumber.core.runner.PickleStepDefinitionMatch.runStep(PickleStepDefinitionMatch.java:65)\n\tat io.cucumber.core.runner.ExecutionMode$1.execute(ExecutionMode.java:10)\n\tat io.cucumber.core.runner.TestStep.executeStep(TestStep.java:85)\n\tat io.cucumber.core.runner.TestStep.run(TestStep.java:57)\n\tat io.cucumber.core.runner.PickleStepTestStep.run(PickleStepTestStep.java:51)\n\tat io.cucumber.core.runner.TestCase.run(TestCase.java:84)\n\tat io.cucumber.core.runner.Runner.runPickle(Runner.java:75)\n\tat io.cucumber.testng.TestNGCucumberRunner.lambda$runScenario$1(TestNGCucumberRunner.java:132)\n\tat io.cucumber.core.runtime.CucumberExecutionContext.lambda$runTestCase$5(CucumberExecutionContext.java:129)\n\tat io.cucumber.core.runtime.RethrowingThrowableCollector.executeAndThrow(RethrowingThrowableCollector.java:23)\n\tat io.cucumber.core.runtime.CucumberExecutionContext.runTestCase(CucumberExecutionContext.java:129)\n\tat io.cucumber.testng.TestNGCucumberRunner.runScenario(TestNGCucumberRunner.java:129)\n\tat io.cucumber.testng.AbstractTestNGCucumberTests.runScenario(AbstractTestNGCucumberTests.java:35)\n\tat java.base/jdk.internal.reflect.NativeMethodAccessorImpl.invoke0(Native Method)\n\tat java.base/jdk.internal.reflect.NativeMethodAccessorImpl.invoke(NativeMethodAccessorImpl.java:77)\n\tat java.base/jdk.internal.reflect.DelegatingMethodAccessorImpl.invoke(DelegatingMethodAccessorImpl.java:43)\n\tat java.base/java.lang.reflect.Method.invoke(Method.java:568)\n\tat org.testng.internal.invokers.MethodInvocationHelper.invokeMethod(MethodInvocationHelper.java:139)\n\tat org.testng.internal.invokers.TestInvoker.invokeMethod(TestInvoker.java:677)\n\tat org.testng.internal.invokers.TestInvoker.invokeTestMethod(TestInvoker.java:221)\n\tat org.testng.internal.invokers.MethodRunner.runInSequence(MethodRunner.java:50)\n\tat org.testng.internal.invokers.TestInvoker$MethodInvocationAgent.invoke(TestInvoker.java:969)\n\tat org.testng.internal.invokers.TestInvoker.invokeTestMethods(TestInvoker.java:194)\n\tat org.testng.internal.invokers.TestMethodWorker.invokeTestMethods(TestMethodWorker.java:148)\n\tat org.testng.internal.invokers.TestMethodWorker.run(TestMethodWorker.java:128)\n\tat java.base/java.util.ArrayList.forEach(ArrayList.java:1511)\n\tat org.testng.TestRunner.privateRun(TestRunner.java:829)\n\tat org.testng.TestRunner.run(TestRunner.java:602)\n\tat org.testng.SuiteRunner.runTest(SuiteRunner.java:437)\n\tat org.testng.SuiteRunner.runSequentially(SuiteRunner.java:431)\n\tat org.testng.SuiteRunner.privateRun(SuiteRunner.java:391)\n\tat org.testng.SuiteRunner.run(SuiteRunner.java:330)\n\tat org.testng.SuiteRunnerWorker.runSuite(SuiteRunnerWorker.java:52)\n\tat org.testng.SuiteRunnerWorker.run(SuiteRunnerWorker.java:95)\n\tat org.testng.TestNG.runSuitesSequentially(TestNG.java:1256)\n\tat org.testng.TestNG.runSuitesLocally(TestNG.java:1176)\n\tat org.testng.TestNG.runSuites(TestNG.java:1099)\n\tat org.testng.TestNG.run(TestNG.java:1067)\n\tat org.apache.maven.surefire.testng.TestNGExecutor.run(TestNGExecutor.java:135)\n\tat org.apache.maven.surefire.testng.TestNGDirectoryTestSuite.executeSingleClass(TestNGDirectoryTestSuite.java:112)\n\tat org.apache.maven.surefire.testng.TestNGDirectoryTestSuite.execute(TestNGDirectoryTestSuite.java:99)\n\tat org.apache.maven.surefire.testng.TestNGProvider.invoke(TestNGProvider.java:146)\n\tat java.base/jdk.internal.reflect.NativeMethodAccessorImpl.invoke0(Native Method)\n\tat java.base/jdk.internal.reflect.NativeMethodAccessorImpl.invoke(NativeMethodAccessorImpl.java:77)\n\tat java.base/jdk.internal.reflect.DelegatingMethodAccessorImpl.invoke(DelegatingMethodAccessorImpl.java:43)\n\tat java.base/java.lang.reflect.Method.invoke(Method.java:568)\n\tat org.apache.maven.surefire.util.ReflectionUtils.invokeMethodWithArray2(ReflectionUtils.java:206)\n\tat org.apache.maven.surefire.booter.ProviderFactory$ProviderProxy.invoke(ProviderFactory.java:161)\n\tat org.apache.maven.surefire.booter.ProviderFactory.invokeProvider(ProviderFactory.java:84)\n\tat org.apache.maven.plugin.surefire.InPluginVMSurefireStarter.runSuitesInProcess(InPluginVMSurefireStarter.java:87)\n\tat org.apache.maven.plugin.surefire.AbstractSurefireMojo.executeProvider(AbstractSurefireMojo.java:1166)\n\tat org.apache.maven.plugin.surefire.AbstractSurefireMojo.executeAfterPreconditionsChecked(AbstractSurefireMojo.java:1011)\n\tat org.apache.maven.plugin.surefire.AbstractSurefireMojo.execute(AbstractSurefireMojo.java:857)\n\tat org.apache.maven.plugin.DefaultBuildPluginManager.executeMojo(DefaultBuildPluginManager.java:137)\n\tat org.apache.maven.lifecycle.internal.MojoExecutor.doExecute2(MojoExecutor.java:370)\n\tat org.apache.maven.lifecycle.internal.MojoExecutor.doExecute(MojoExecutor.java:351)\n\tat org.apache.maven.lifecycle.internal.MojoExecutor.execute(MojoExecutor.java:215)\n\tat org.apache.maven.lifecycle.internal.MojoExecutor.execute(MojoExecutor.java:171)\n\tat org.apache.maven.lifecycle.internal.MojoExecutor.execute(MojoExecutor.java:163)\n\tat org.apache.maven.lifecycle.internal.LifecycleModuleBuilder.buildProject(LifecycleModuleBuilder.java:117)\n\tat org.apache.maven.lifecycle.internal.LifecycleModuleBuilder.buildProject(LifecycleModuleBuilder.java:81)\n\tat org.apache.maven.lifecycle.internal.builder.singlethreaded.SingleThreadedBuilder.build(SingleThreadedBuilder.java:56)\n\tat org.apache.maven.lifecycle.internal.LifecycleStarter.execute(LifecycleStarter.java:128)\n\tat org.apache.maven.DefaultMaven.doExecute(DefaultMaven.java:298)\n\tat org.apache.maven.DefaultMaven.doExecute(DefaultMaven.java:192)\n\tat org.apache.maven.DefaultMaven.execute(DefaultMaven.java:105)\n\tat org.apache.maven.cli.MavenCli.execute(MavenCli.java:960)\n\tat org.apache.maven.cli.MavenCli.doMain(MavenCli.java:293)\n\tat org.apache.maven.cli.MavenCli.main(MavenCli.java:196)\n\tat java.base/jdk.internal.reflect.NativeMethodAccessorImpl.invoke0(Native Method)\n\tat java.base/jdk.internal.reflect.NativeMethodAccessorImpl.invoke(NativeMethodAccessorImpl.java:77)\n\tat java.base/jdk.internal.reflect.DelegatingMethodAccessorImpl.invoke(DelegatingMethodAccessorImpl.java:43)\n\tat java.base/java.lang.reflect.Method.invoke(Method.java:568)\n\tat org.codehaus.plexus.classworlds.launcher.Launcher.launchEnhanced(Launcher.java:282)\n\tat org.codehaus.plexus.classworlds.launcher.Launcher.launch(Launcher.java:225)\n\tat org.codehaus.plexus.classworlds.launcher.Launcher.mainWithExitCode(Launcher.java:406)\n\tat org.codehaus.plexus.classworlds.launcher.Launcher.main(Launcher.java:347)\nCaused by: io.cucumber.core.backend.CucumberBackendException: Error creating bean with name 'org.eugens21.luma.steps.HomePageSteps': Unsatisfied dependency expressed through constructor parameter 1: Error creating bean with name 'browserService' defined in file [/home/runner/work/playwright/playwright/target/test-classes/org/eugens21/luma/web/service/BrowserService.class]: Unsatisfied dependency expressed through constructor parameter 0: Error creating bean with name 'browser' defined in file [/home/runner/work/playwright/playwright/target/test-classes/org/eugens21/luma/web/driver/Browser.class]: Unsatisfied dependency expressed through constructor parameter 0: Error creating bean with name 'getPlaywright' defined in class path resource [org/eugens21/luma/web/playwright/Instance.class]: Failed to instantiate [com.microsoft.playwright.Playwright]: Factory method 'getPlaywright' threw exception with message: Failed to create driver\n\tat io.cucumber.spring.SpringFactory.getInstance(SpringFactory.java:136)\n\tat io.cucumber.java.AbstractGlueDefinition.invokeMethod(AbstractGlueDefinition.java:47)\n\tat io.cucumber.java.JavaStepDefinition.execute(JavaStepDefinition.java:29)\n\tat io.cucumber.core.runner.CoreStepDefinition.execute(CoreStepDefinition.java:66)\n\tat io.cucumber.core.runner.PickleStepDefinitionMatch.runStep(PickleStepDefinitionMatch.java:63)\n\t... 76 more\nCaused by: org.springframework.beans.factory.UnsatisfiedDependencyException: Error creating bean with name 'org.eugens21.luma.steps.HomePageSteps': Unsatisfied dependency expressed through constructor parameter 1: Error creating bean with name 'browserService' defined in file [/home/runner/work/playwright/playwright/target/test-classes/org/eugens21/luma/web/service/BrowserService.class]: Unsatisfied dependency expressed through constructor parameter 0: Error creating bean with name 'browser' defined in file [/home/runner/work/playwright/playwright/target/test-classes/org/eugens21/luma/web/driver/Browser.class]: Unsatisfied dependency expressed through constructor parameter 0: Error creating bean with name 'getPlaywright' defined in class path resource [org/eugens21/luma/web/playwright/Instance.class]: Failed to instantiate [com.microsoft.playwright.Playwright]: Factory method 'getPlaywright' threw exception with message: Failed to create driver\n\tat org.springframework.beans.factory.support.ConstructorResolver.createArgumentArray(ConstructorResolver.java:798)\n\tat org.springframework.beans.factory.support.ConstructorResolver.autowireConstructor(ConstructorResolver.java:245)\n\tat org.springframework.beans.factory.support.AbstractAutowireCapableBeanFactory.autowireConstructor(AbstractAutowireCapableBeanFactory.java:1344)\n\tat org.springframework.beans.factory.support.AbstractAutowireCapableBeanFactory.createBeanInstance(AbstractAutowireCapableBeanFactory.java:1188)\n\tat org.springframework.beans.factory.support.AbstractAutowireCapableBeanFactory.doCreateBean(AbstractAutowireCapableBeanFactory.java:561)\n\tat org.springframework.beans.factory.support.AbstractAutowireCapableBeanFactory.createBean(AbstractAutowireCapableBeanFactory.java:521)\n\tat org.springframework.beans.factory.support.AbstractBeanFactory.lambda$doGetBean$1(AbstractBeanFactory.java:365)\n\tat io.cucumber.spring.CucumberScenarioScope.get(CucumberScenarioScope.java:13)\n\tat org.springframework.beans.factory.support.AbstractBeanFactory.doGetBean(AbstractBeanFactory.java:362)\n\tat org.springframework.beans.factory.support.AbstractBeanFactory.getBean(AbstractBeanFactory.java:225)\n\tat org.springframework.beans.factory.support.DefaultListableBeanFactory.resolveNamedBean(DefaultListableBeanFactory.java:1298)\n\tat org.springframework.beans.factory.support.DefaultListableBeanFactory.resolveNamedBean(DefaultListableBeanFactory.java:1259)\n\tat org.springframework.beans.factory.support.DefaultListableBeanFactory.resolveBean(DefaultListableBeanFactory.java:483)\n\tat org.springframework.beans.factory.support.DefaultListableBeanFactory.getBean(DefaultListableBeanFactory.java:338)\n\tat org.springframework.beans.factory.support.DefaultListableBeanFactory.getBean(DefaultListableBeanFactory.java:331)\n\tat org.springframework.context.support.AbstractApplicationContext.getBean(AbstractApplicationContext.java:1148)\n\tat io.cucumber.spring.TestContextAdaptor.getInstance(TestContextAdaptor.java:232)\n\tat io.cucumber.spring.SpringFactory.getInstance(SpringFactory.java:134)\n\t... 80 more\nCaused by: org.springframework.beans.factory.UnsatisfiedDependencyException: Error creating bean with name 'browserService' defined in file [/home/runner/work/playwright/playwright/target/test-classes/org/eugens21/luma/web/service/BrowserService.class]: Unsatisfied dependency expressed through constructor parameter 0: Error creating bean with name 'browser' defined in file [/home/runner/work/playwright/playwright/target/test-classes/org/eugens21/luma/web/driver/Browser.class]: Unsatisfied dependency expressed through constructor parameter 0: Error creating bean with name 'getPlaywright' defined in class path resource [org/eugens21/luma/web/playwright/Instance.class]: Failed to instantiate [com.microsoft.playwright.Playwright]: Factory method 'getPlaywright' threw exception with message: Failed to create driver\n\tat org.springframework.beans.factory.support.ConstructorResolver.createArgumentArray(ConstructorResolver.java:798)\n\tat org.springframework.beans.factory.support.ConstructorResolver.autowireConstructor(ConstructorResolver.java:245)\n\tat org.springframework.beans.factory.support.AbstractAutowireCapableBeanFactory.autowireConstructor(AbstractAutowireCapableBeanFactory.java:1344)\n\tat org.springframework.beans.factory.support.AbstractAutowireCapableBeanFactory.createBeanInstance(AbstractAutowireCapableBeanFactory.java:1188)\n\tat org.springframework.beans.factory.support.AbstractAutowireCapableBeanFactory.doCreateBean(AbstractAutowireCapableBeanFactory.java:561)\n\tat org.springframework.beans.factory.support.AbstractAutowireCapableBeanFactory.createBean(AbstractAutowireCapableBeanFactory.java:521)\n\tat org.springframework.beans.factory.support.AbstractBeanFactory.lambda$doGetBean$0(AbstractBeanFactory.java:326)\n\tat org.springframework.beans.factory.support.DefaultSingletonBeanRegistry.getSingleton(DefaultSingletonBeanRegistry.java:234)\n\tat org.springframework.beans.factory.support.AbstractBeanFactory.doGetBean(AbstractBeanFactory.java:324)\n\tat org.springframework.beans.factory.support.AbstractBeanFactory.getBean(AbstractBeanFactory.java:200)\n\tat org.springframework.beans.factory.config.DependencyDescriptor.resolveCandidate(DependencyDescriptor.java:254)\n\tat org.springframework.beans.factory.support.DefaultListableBeanFactory.doResolveDependency(DefaultListableBeanFactory.java:1405)\n\tat org.springframework.beans.factory.support.DefaultListableBeanFactory.resolveDependency(DefaultListableBeanFactory.java:1325)\n\tat org.springframework.beans.factory.support.ConstructorResolver.resolveAutowiredArgument(ConstructorResolver.java:885)\n\tat org.springframework.beans.factory.support.ConstructorResolver.createArgumentArray(ConstructorResolver.java:789)\n\t... 97 more\nCaused by: org.springframework.beans.factory.UnsatisfiedDependencyException: Error creating bean with name 'browser' defined in file [/home/runner/work/playwright/playwright/target/test-classes/org/eugens21/luma/web/driver/Browser.class]: Unsatisfied dependency expressed through constructor parameter 0: Error creating bean with name 'getPlaywright' defined in class path resource [org/eugens21/luma/web/playwright/Instance.class]: Failed to instantiate [com.microsoft.playwright.Playwright]: Factory method 'getPlaywright' threw exception with message: Failed to create driver\n\tat org.springframework.beans.factory.support.ConstructorResolver.createArgumentArray(ConstructorResolver.java:798)\n\tat org.springframework.beans.factory.support.ConstructorResolver.autowireConstructor(ConstructorResolver.java:245)\n\tat org.springframework.beans.factory.support.AbstractAutowireCapableBeanFactory.autowireConstructor(AbstractAutowireCapableBeanFactory.java:1344)\n\tat org.springframework.beans.factory.support.AbstractAutowireCapableBeanFactory.createBeanInstance(AbstractAutowireCapableBeanFactory.java:1188)\n\tat org.springframework.beans.factory.support.AbstractAutowireCapableBeanFactory.doCreateBean(AbstractAutowireCapableBeanFactory.java:561)\n\tat org.springframework.beans.factory.support.AbstractAutowireCapableBeanFactory.createBean(AbstractAutowireCapableBeanFactory.java:521)\n\tat org.springframework.beans.factory.support.AbstractBeanFactory.lambda$doGetBean$0(AbstractBeanFactory.java:326)\n\tat org.springframework.beans.factory.support.DefaultSingletonBeanRegistry.getSingleton(DefaultSingletonBeanRegistry.java:234)\n\tat org.springframework.beans.factory.support.AbstractBeanFactory.doGetBean(AbstractBeanFactory.java:324)\n\tat org.springframework.beans.factory.support.AbstractBeanFactory.getBean(AbstractBeanFactory.java:200)\n\tat org.springframework.beans.factory.support.ConstructorResolver.instantiateUsingFactoryMethod(ConstructorResolver.java:415)\n\tat org.springframework.beans.factory.support.AbstractAutowireCapableBeanFactory.instantiateUsingFactoryMethod(AbstractAutowireCapableBeanFactory.java:1324)\n\tat org.springframework.beans.factory.support.AbstractAutowireCapableBeanFactory.createBeanInstance(AbstractAutowireCapableBeanFactory.java:1161)\n\tat org.springframework.beans.factory.support.AbstractAutowireCapableBeanFactory.doCreateBean(AbstractAutowireCapableBeanFactory.java:561)\n\tat org.springframework.beans.factory.support.AbstractAutowireCapableBeanFactory.createBean(AbstractAutowireCapableBeanFactory.java:521)\n\tat org.springframework.beans.factory.support.AbstractBeanFactory.lambda$doGetBean$0(AbstractBeanFactory.java:326)\n\tat org.springframework.beans.factory.support.DefaultSingletonBeanRegistry.getSingleton(DefaultSingletonBeanRegistry.java:234)\n\tat org.springframework.beans.factory.support.AbstractBeanFactory.doGetBean(AbstractBeanFactory.java:324)\n\tat org.springframework.beans.factory.support.AbstractBeanFactory.getBean(AbstractBeanFactory.java:200)\n\tat org.springframework.beans.factory.config.DependencyDescriptor.resolveCandidate(DependencyDescriptor.java:254)\n\tat org.springframework.beans.factory.support.DefaultListableBeanFactory.doResolveDependency(DefaultListableBeanFactory.java:1405)\n\tat org.springframework.beans.factory.support.DefaultListableBeanFactory.resolveDependency(DefaultListableBeanFactory.java:1325)\n\tat org.springframework.beans.factory.support.ConstructorResolver.resolveAutowiredArgument(ConstructorResolver.java:885)\n\tat org.springframework.beans.factory.support.ConstructorResolver.createArgumentArray(ConstructorResolver.java:789)\n\t... 111 more\nCaused by: org.springframework.beans.factory.BeanCreationException: Error creating bean with name 'getPlaywright' defined in class path resource [org/eugens21/luma/web/playwright/Instance.class]: Failed to instantiate [com.microsoft.playwright.Playwright]: Factory method 'getPlaywright' threw exception with message: Failed to create driver\n\tat org.springframework.beans.factory.support.ConstructorResolver.instantiate(ConstructorResolver.java:657)\n\tat org.springframework.beans.factory.support.ConstructorResolver.instantiateUsingFactoryMethod(ConstructorResolver.java:491)\n\tat org.springframework.beans.factory.support.AbstractAutowireCapableBeanFactory.instantiateUsingFactoryMethod(AbstractAutowireCapableBeanFactory.java:1324)\n\tat org.springframework.beans.factory.support.AbstractAutowireCapableBeanFactory.createBeanInstance(AbstractAutowireCapableBeanFactory.java:1161)\n\tat org.springframework.beans.factory.support.AbstractAutowireCapableBeanFactory.doCreateBean(AbstractAutowireCapableBeanFactory.java:561)\n\tat org.springframework.beans.factory.support.AbstractAutowireCapableBeanFactory.createBean(AbstractAutowireCapableBeanFactory.java:521)\n\tat org.springframework.beans.factory.support.AbstractBeanFactory.lambda$doGetBean$0(AbstractBeanFactory.java:326)\n\tat org.springframework.beans.factory.support.DefaultSingletonBeanRegistry.getSingleton(DefaultSingletonBeanRegistry.java:234)\n\tat org.springframework.beans.factory.support.AbstractBeanFactory.doGetBean(AbstractBeanFactory.java:324)\n\tat org.springframework.beans.factory.support.AbstractBeanFactory.getBean(AbstractBeanFactory.java:200)\n\tat org.springframework.beans.factory.config.DependencyDescriptor.resolveCandidate(DependencyDescriptor.java:254)\n\tat org.springframework.beans.factory.support.DefaultListableBeanFactory.doResolveDependency(DefaultListableBeanFactory.java:1405)\n\tat org.springframework.beans.factory.support.DefaultListableBeanFactory.resolveDependency(DefaultListableBeanFactory.java:1325)\n\tat org.springframework.beans.factory.support.ConstructorResolver.resolveAutowiredArgument(ConstructorResolver.java:885)\n\tat org.springframework.beans.factory.support.ConstructorResolver.createArgumentArray(ConstructorResolver.java:789)\n\t... 134 more\nCaused by: org.springframework.beans.BeanInstantiationException: Failed to instantiate [com.microsoft.playwright.Playwright]: Factory method 'getPlaywright' threw exception with message: Failed to create driver\n\tat org.springframework.beans.factory.support.SimpleInstantiationStrategy.instantiate(SimpleInstantiationStrategy.java:171)\n\tat org.springframework.beans.factory.support.ConstructorResolver.instantiate(ConstructorResolver.java:653)\n\t... 148 more\nCaused by: java.lang.RuntimeException: Failed to create driver\n\tat com.microsoft.playwright.impl.driver.Driver.createAndInstall(Driver.java:105)\n\tat com.microsoft.playwright.impl.driver.Driver.ensureDriverInstalled(Driver.java:57)\n\tat com.microsoft.playwright.impl.PlaywrightImpl.createImpl(PlaywrightImpl.java:45)\n\tat com.microsoft.playwright.impl.PlaywrightImpl.create(PlaywrightImpl.java:35)\n\tat com.microsoft.playwright.Playwright.create(Playwright.java:96)\n\tat org.eugens21.luma.web.playwright.Instance.getPlaywright(Instance.java:35)\n\tat java.base/jdk.internal.reflect.NativeMethodAccessorImpl.invoke0(Native Method)\n\tat java.base/jdk.internal.reflect.NativeMethodAccessorImpl.invoke(NativeMethodAccessorImpl.java:77)\n\tat java.base/jdk.internal.reflect.DelegatingMethodAccessorImpl.invoke(DelegatingMethodAccessorImpl.java:43)\n\tat java.base/java.lang.reflect.Method.invoke(Method.java:568)\n\tat org.springframework.beans.factory.support.SimpleInstantiationStrategy.instantiate(SimpleInstantiationStrategy.java:139)\n\t... 149 more\nCaused by: java.lang.RuntimeException: Failed to install browsers, exit code: 1\n\tat com.microsoft.playwright.impl.driver.jar.DriverJar.installBrowsers(DriverJar.java:100)\n\tat com.microsoft.playwright.impl.driver.jar.DriverJar.initialize(DriverJar.java:69)\n\tat com.microsoft.playwright.impl.driver.Driver.initialize(Driver.java:64)\n\tat com.microsoft.playwright.impl.driver.Driver.createAndInstall(Driver.java:101)\n\t... 159 more\n","steps":[{"name":"When  user navigates to home page","time":{"start":1675944847260,"stop":1675944854239,"duration":6979},"status":"broken","statusMessage":"Could not invoke step [user navigates to home page] defined at 'org.eugens21.luma.steps.HomePageSteps.userNavigatesToPage()'.\nIt appears there was a problem with the step definition.\nThe converted arguments types were ()","statusTrace":"io.cucumber.core.exception.CucumberException: Could not invoke step [user navigates to home page] defined at 'org.eugens21.luma.steps.HomePageSteps.userNavigatesToPage()'.\nIt appears there was a problem with the step definition.\nThe converted arguments types were ()\n\tat io.cucumber.core.runner.PickleStepDefinitionMatch.couldNotInvokeStep(PickleStepDefinitionMatch.java:130)\n\tat io.cucumber.core.runner.PickleStepDefinitionMatch.runStep(PickleStepDefinitionMatch.java:65)\n\tat io.cucumber.core.runner.ExecutionMode$1.execute(ExecutionMode.java:10)\n\tat io.cucumber.core.runner.TestStep.executeStep(TestStep.java:85)\n\tat io.cucumber.core.runner.TestStep.run(TestStep.java:57)\n\tat io.cucumber.core.runner.PickleStepTestStep.run(PickleStepTestStep.java:51)\n\tat io.cucumber.core.runner.TestCase.run(TestCase.java:84)\n\tat io.cucumber.core.runner.Runner.runPickle(Runner.java:75)\n\tat io.cucumber.testng.TestNGCucumberRunner.lambda$runScenario$1(TestNGCucumberRunner.java:132)\n\tat io.cucumber.core.runtime.CucumberExecutionContext.lambda$runTestCase$5(CucumberExecutionContext.java:129)\n\tat io.cucumber.core.runtime.RethrowingThrowableCollector.executeAndThrow(RethrowingThrowableCollector.java:23)\n\tat io.cucumber.core.runtime.CucumberExecutionContext.runTestCase(CucumberExecutionContext.java:129)\n\tat io.cucumber.testng.TestNGCucumberRunner.runScenario(TestNGCucumberRunner.java:129)\n\tat io.cucumber.testng.AbstractTestNGCucumberTests.runScenario(AbstractTestNGCucumberTests.java:35)\n\tat java.base/jdk.internal.reflect.NativeMethodAccessorImpl.invoke0(Native Method)\n\tat java.base/jdk.internal.reflect.NativeMethodAccessorImpl.invoke(NativeMethodAccessorImpl.java:77)\n\tat java.base/jdk.internal.reflect.DelegatingMethodAccessorImpl.invoke(DelegatingMethodAccessorImpl.java:43)\n\tat java.base/java.lang.reflect.Method.invoke(Method.java:568)\n\tat org.testng.internal.invokers.MethodInvocationHelper.invokeMethod(MethodInvocationHelper.java:139)\n\tat org.testng.internal.invokers.TestInvoker.invokeMethod(TestInvoker.java:677)\n\tat org.testng.internal.invokers.TestInvoker.invokeTestMethod(TestInvoker.java:221)\n\tat org.testng.internal.invokers.MethodRunner.runInSequence(MethodRunner.java:50)\n\tat org.testng.internal.invokers.TestInvoker$MethodInvocationAgent.invoke(TestInvoker.java:969)\n\tat org.testng.internal.invokers.TestInvoker.invokeTestMethods(TestInvoker.java:194)\n\tat org.testng.internal.invokers.TestMethodWorker.invokeTestMethods(TestMethodWorker.java:148)\n\tat org.testng.internal.invokers.TestMethodWorker.run(TestMethodWorker.java:128)\n\tat java.base/java.util.ArrayList.forEach(ArrayList.java:1511)\n\tat org.testng.TestRunner.privateRun(TestRunner.java:829)\n\tat org.testng.TestRunner.run(TestRunner.java:602)\n\tat org.testng.SuiteRunner.runTest(SuiteRunner.java:437)\n\tat org.testng.SuiteRunner.runSequentially(SuiteRunner.java:431)\n\tat org.testng.SuiteRunner.privateRun(SuiteRunner.java:391)\n\tat org.testng.SuiteRunner.run(SuiteRunner.java:330)\n\tat org.testng.SuiteRunnerWorker.runSuite(SuiteRunnerWorker.java:52)\n\tat org.testng.SuiteRunnerWorker.run(SuiteRunnerWorker.java:95)\n\tat org.testng.TestNG.runSuitesSequentially(TestNG.java:1256)\n\tat org.testng.TestNG.runSuitesLocally(TestNG.java:1176)\n\tat org.testng.TestNG.runSuites(TestNG.java:1099)\n\tat org.testng.TestNG.run(TestNG.java:1067)\n\tat org.apache.maven.surefire.testng.TestNGExecutor.run(TestNGExecutor.java:135)\n\tat org.apache.maven.surefire.testng.TestNGDirectoryTestSuite.executeSingleClass(TestNGDirectoryTestSuite.java:112)\n\tat org.apache.maven.surefire.testng.TestNGDirectoryTestSuite.execute(TestNGDirectoryTestSuite.java:99)\n\tat org.apache.maven.surefire.testng.TestNGProvider.invoke(TestNGProvider.java:146)\n\tat java.base/jdk.internal.reflect.NativeMethodAccessorImpl.invoke0(Native Method)\n\tat java.base/jdk.internal.reflect.NativeMethodAccessorImpl.invoke(NativeMethodAccessorImpl.java:77)\n\tat java.base/jdk.internal.reflect.DelegatingMethodAccessorImpl.invoke(DelegatingMethodAccessorImpl.java:43)\n\tat java.base/java.lang.reflect.Method.invoke(Method.java:568)\n\tat org.apache.maven.surefire.util.ReflectionUtils.invokeMethodWithArray2(ReflectionUtils.java:206)\n\tat org.apache.maven.surefire.booter.ProviderFactory$ProviderProxy.invoke(ProviderFactory.java:161)\n\tat org.apache.maven.surefire.booter.ProviderFactory.invokeProvider(ProviderFactory.java:84)\n\tat org.apache.maven.plugin.surefire.InPluginVMSurefireStarter.runSuitesInProcess(InPluginVMSurefireStarter.java:87)\n\tat org.apache.maven.plugin.surefire.AbstractSurefireMojo.executeProvider(AbstractSurefireMojo.java:1166)\n\tat org.apache.maven.plugin.surefire.AbstractSurefireMojo.executeAfterPreconditionsChecked(AbstractSurefireMojo.java:1011)\n\tat org.apache.maven.plugin.surefire.AbstractSurefireMojo.execute(AbstractSurefireMojo.java:857)\n\tat org.apache.maven.plugin.DefaultBuildPluginManager.executeMojo(DefaultBuildPluginManager.java:137)\n\tat org.apache.maven.lifecycle.internal.MojoExecutor.doExecute2(MojoExecutor.java:370)\n\tat org.apache.maven.lifecycle.internal.MojoExecutor.doExecute(MojoExecutor.java:351)\n\tat org.apache.maven.lifecycle.internal.MojoExecutor.execute(MojoExecutor.java:215)\n\tat org.apache.maven.lifecycle.internal.MojoExecutor.execute(MojoExecutor.java:171)\n\tat org.apache.maven.lifecycle.internal.MojoExecutor.execute(MojoExecutor.java:163)\n\tat org.apache.maven.lifecycle.internal.LifecycleModuleBuilder.buildProject(LifecycleModuleBuilder.java:117)\n\tat org.apache.maven.lifecycle.internal.LifecycleModuleBuilder.buildProject(LifecycleModuleBuilder.java:81)\n\tat org.apache.maven.lifecycle.internal.builder.singlethreaded.SingleThreadedBuilder.build(SingleThreadedBuilder.java:56)\n\tat org.apache.maven.lifecycle.internal.LifecycleStarter.execute(LifecycleStarter.java:128)\n\tat org.apache.maven.DefaultMaven.doExecute(DefaultMaven.java:298)\n\tat org.apache.maven.DefaultMaven.doExecute(DefaultMaven.java:192)\n\tat org.apache.maven.DefaultMaven.execute(DefaultMaven.java:105)\n\tat org.apache.maven.cli.MavenCli.execute(MavenCli.java:960)\n\tat org.apache.maven.cli.MavenCli.doMain(MavenCli.java:293)\n\tat org.apache.maven.cli.MavenCli.main(MavenCli.java:196)\n\tat java.base/jdk.internal.reflect.NativeMethodAccessorImpl.invoke0(Native Method)\n\tat java.base/jdk.internal.reflect.NativeMethodAccessorImpl.invoke(NativeMethodAccessorImpl.java:77)\n\tat java.base/jdk.internal.reflect.DelegatingMethodAccessorImpl.invoke(DelegatingMethodAccessorImpl.java:43)\n\tat java.base/java.lang.reflect.Method.invoke(Method.java:568)\n\tat org.codehaus.plexus.classworlds.launcher.Launcher.launchEnhanced(Launcher.java:282)\n\tat org.codehaus.plexus.classworlds.launcher.Launcher.launch(Launcher.java:225)\n\tat org.codehaus.plexus.classworlds.launcher.Launcher.mainWithExitCode(Launcher.java:406)\n\tat org.codehaus.plexus.classworlds.launcher.Launcher.main(Launcher.java:347)\nCaused by: io.cucumber.core.backend.CucumberBackendException: Error creating bean with name 'org.eugens21.luma.steps.HomePageSteps': Unsatisfied dependency expressed through constructor parameter 1: Error creating bean with name 'browserService' defined in file [/home/runner/work/playwright/playwright/target/test-classes/org/eugens21/luma/web/service/BrowserService.class]: Unsatisfied dependency expressed through constructor parameter 0: Error creating bean with name 'browser' defined in file [/home/runner/work/playwright/playwright/target/test-classes/org/eugens21/luma/web/driver/Browser.class]: Unsatisfied dependency expressed through constructor parameter 0: Error creating bean with name 'getPlaywright' defined in class path resource [org/eugens21/luma/web/playwright/Instance.class]: Failed to instantiate [com.microsoft.playwright.Playwright]: Factory method 'getPlaywright' threw exception with message: Failed to create driver\n\tat io.cucumber.spring.SpringFactory.getInstance(SpringFactory.java:136)\n\tat io.cucumber.java.AbstractGlueDefinition.invokeMethod(AbstractGlueDefinition.java:47)\n\tat io.cucumber.java.JavaStepDefinition.execute(JavaStepDefinition.java:29)\n\tat io.cucumber.core.runner.CoreStepDefinition.execute(CoreStepDefinition.java:66)\n\tat io.cucumber.core.runner.PickleStepDefinitionMatch.runStep(PickleStepDefinitionMatch.java:63)\n\t... 76 more\nCaused by: org.springframework.beans.factory.UnsatisfiedDependencyException: Error creating bean with name 'org.eugens21.luma.steps.HomePageSteps': Unsatisfied dependency expressed through constructor parameter 1: Error creating bean with name 'browserService' defined in file [/home/runner/work/playwright/playwright/target/test-classes/org/eugens21/luma/web/service/BrowserService.class]: Unsatisfied dependency expressed through constructor parameter 0: Error creating bean with name 'browser' defined in file [/home/runner/work/playwright/playwright/target/test-classes/org/eugens21/luma/web/driver/Browser.class]: Unsatisfied dependency expressed through constructor parameter 0: Error creating bean with name 'getPlaywright' defined in class path resource [org/eugens21/luma/web/playwright/Instance.class]: Failed to instantiate [com.microsoft.playwright.Playwright]: Factory method 'getPlaywright' threw exception with message: Failed to create driver\n\tat org.springframework.beans.factory.support.ConstructorResolver.createArgumentArray(ConstructorResolver.java:798)\n\tat org.springframework.beans.factory.support.ConstructorResolver.autowireConstructor(ConstructorResolver.java:245)\n\tat org.springframework.beans.factory.support.AbstractAutowireCapableBeanFactory.autowireConstructor(AbstractAutowireCapableBeanFactory.java:1344)\n\tat org.springframework.beans.factory.support.AbstractAutowireCapableBeanFactory.createBeanInstance(AbstractAutowireCapableBeanFactory.java:1188)\n\tat org.springframework.beans.factory.support.AbstractAutowireCapableBeanFactory.doCreateBean(AbstractAutowireCapableBeanFactory.java:561)\n\tat org.springframework.beans.factory.support.AbstractAutowireCapableBeanFactory.createBean(AbstractAutowireCapableBeanFactory.java:521)\n\tat org.springframework.beans.factory.support.AbstractBeanFactory.lambda$doGetBean$1(AbstractBeanFactory.java:365)\n\tat io.cucumber.spring.CucumberScenarioScope.get(CucumberScenarioScope.java:13)\n\tat org.springframework.beans.factory.support.AbstractBeanFactory.doGetBean(AbstractBeanFactory.java:362)\n\tat org.springframework.beans.factory.support.AbstractBeanFactory.getBean(AbstractBeanFactory.java:225)\n\tat org.springframework.beans.factory.support.DefaultListableBeanFactory.resolveNamedBean(DefaultListableBeanFactory.java:1298)\n\tat org.springframework.beans.factory.support.DefaultListableBeanFactory.resolveNamedBean(DefaultListableBeanFactory.java:1259)\n\tat org.springframework.beans.factory.support.DefaultListableBeanFactory.resolveBean(DefaultListableBeanFactory.java:483)\n\tat org.springframework.beans.factory.support.DefaultListableBeanFactory.getBean(DefaultListableBeanFactory.java:338)\n\tat org.springframework.beans.factory.support.DefaultListableBeanFactory.getBean(DefaultListableBeanFactory.java:331)\n\tat org.springframework.context.support.AbstractApplicationContext.getBean(AbstractApplicationContext.java:1148)\n\tat io.cucumber.spring.TestContextAdaptor.getInstance(TestContextAdaptor.java:232)\n\tat io.cucumber.spring.SpringFactory.getInstance(SpringFactory.java:134)\n\t... 80 more\nCaused by: org.springframework.beans.factory.UnsatisfiedDependencyException: Error creating bean with name 'browserService' defined in file [/home/runner/work/playwright/playwright/target/test-classes/org/eugens21/luma/web/service/BrowserService.class]: Unsatisfied dependency expressed through constructor parameter 0: Error creating bean with name 'browser' defined in file [/home/runner/work/playwright/playwright/target/test-classes/org/eugens21/luma/web/driver/Browser.class]: Unsatisfied dependency expressed through constructor parameter 0: Error creating bean with name 'getPlaywright' defined in class path resource [org/eugens21/luma/web/playwright/Instance.class]: Failed to instantiate [com.microsoft.playwright.Playwright]: Factory method 'getPlaywright' threw exception with message: Failed to create driver\n\tat org.springframework.beans.factory.support.ConstructorResolver.createArgumentArray(ConstructorResolver.java:798)\n\tat org.springframework.beans.factory.support.ConstructorResolver.autowireConstructor(ConstructorResolver.java:245)\n\tat org.springframework.beans.factory.support.AbstractAutowireCapableBeanFactory.autowireConstructor(AbstractAutowireCapableBeanFactory.java:1344)\n\tat org.springframework.beans.factory.support.AbstractAutowireCapableBeanFactory.createBeanInstance(AbstractAutowireCapableBeanFactory.java:1188)\n\tat org.springframework.beans.factory.support.AbstractAutowireCapableBeanFactory.doCreateBean(AbstractAutowireCapableBeanFactory.java:561)\n\tat org.springframework.beans.factory.support.AbstractAutowireCapableBeanFactory.createBean(AbstractAutowireCapableBeanFactory.java:521)\n\tat org.springframework.beans.factory.support.AbstractBeanFactory.lambda$doGetBean$0(AbstractBeanFactory.java:326)\n\tat org.springframework.beans.factory.support.DefaultSingletonBeanRegistry.getSingleton(DefaultSingletonBeanRegistry.java:234)\n\tat org.springframework.beans.factory.support.AbstractBeanFactory.doGetBean(AbstractBeanFactory.java:324)\n\tat org.springframework.beans.factory.support.AbstractBeanFactory.getBean(AbstractBeanFactory.java:200)\n\tat org.springframework.beans.factory.config.DependencyDescriptor.resolveCandidate(DependencyDescriptor.java:254)\n\tat org.springframework.beans.factory.support.DefaultListableBeanFactory.doResolveDependency(DefaultListableBeanFactory.java:1405)\n\tat org.springframework.beans.factory.support.DefaultListableBeanFactory.resolveDependency(DefaultListableBeanFactory.java:1325)\n\tat org.springframework.beans.factory.support.ConstructorResolver.resolveAutowiredArgument(ConstructorResolver.java:885)\n\tat org.springframework.beans.factory.support.ConstructorResolver.createArgumentArray(ConstructorResolver.java:789)\n\t... 97 more\nCaused by: org.springframework.beans.factory.UnsatisfiedDependencyException: Error creating bean with name 'browser' defined in file [/home/runner/work/playwright/playwright/target/test-classes/org/eugens21/luma/web/driver/Browser.class]: Unsatisfied dependency expressed through constructor parameter 0: Error creating bean with name 'getPlaywright' defined in class path resource [org/eugens21/luma/web/playwright/Instance.class]: Failed to instantiate [com.microsoft.playwright.Playwright]: Factory method 'getPlaywright' threw exception with message: Failed to create driver\n\tat org.springframework.beans.factory.support.ConstructorResolver.createArgumentArray(ConstructorResolver.java:798)\n\tat org.springframework.beans.factory.support.ConstructorResolver.autowireConstructor(ConstructorResolver.java:245)\n\tat org.springframework.beans.factory.support.AbstractAutowireCapableBeanFactory.autowireConstructor(AbstractAutowireCapableBeanFactory.java:1344)\n\tat org.springframework.beans.factory.support.AbstractAutowireCapableBeanFactory.createBeanInstance(AbstractAutowireCapableBeanFactory.java:1188)\n\tat org.springframework.beans.factory.support.AbstractAutowireCapableBeanFactory.doCreateBean(AbstractAutowireCapableBeanFactory.java:561)\n\tat org.springframework.beans.factory.support.AbstractAutowireCapableBeanFactory.createBean(AbstractAutowireCapableBeanFactory.java:521)\n\tat org.springframework.beans.factory.support.AbstractBeanFactory.lambda$doGetBean$0(AbstractBeanFactory.java:326)\n\tat org.springframework.beans.factory.support.DefaultSingletonBeanRegistry.getSingleton(DefaultSingletonBeanRegistry.java:234)\n\tat org.springframework.beans.factory.support.AbstractBeanFactory.doGetBean(AbstractBeanFactory.java:324)\n\tat org.springframework.beans.factory.support.AbstractBeanFactory.getBean(AbstractBeanFactory.java:200)\n\tat org.springframework.beans.factory.support.ConstructorResolver.instantiateUsingFactoryMethod(ConstructorResolver.java:415)\n\tat org.springframework.beans.factory.support.AbstractAutowireCapableBeanFactory.instantiateUsingFactoryMethod(AbstractAutowireCapableBeanFactory.java:1324)\n\tat org.springframework.beans.factory.support.AbstractAutowireCapableBeanFactory.createBeanInstance(AbstractAutowireCapableBeanFactory.java:1161)\n\tat org.springframework.beans.factory.support.AbstractAutowireCapableBeanFactory.doCreateBean(AbstractAutowireCapableBeanFactory.java:561)\n\tat org.springframework.beans.factory.support.AbstractAutowireCapableBeanFactory.createBean(AbstractAutowireCapableBeanFactory.java:521)\n\tat org.springframework.beans.factory.support.AbstractBeanFactory.lambda$doGetBean$0(AbstractBeanFactory.java:326)\n\tat org.springframework.beans.factory.support.DefaultSingletonBeanRegistry.getSingleton(DefaultSingletonBeanRegistry.java:234)\n\tat org.springframework.beans.factory.support.AbstractBeanFactory.doGetBean(AbstractBeanFactory.java:324)\n\tat org.springframework.beans.factory.support.AbstractBeanFactory.getBean(AbstractBeanFactory.java:200)\n\tat org.springframework.beans.factory.config.DependencyDescriptor.resolveCandidate(DependencyDescriptor.java:254)\n\tat org.springframework.beans.factory.support.DefaultListableBeanFactory.doResolveDependency(DefaultListableBeanFactory.java:1405)\n\tat org.springframework.beans.factory.support.DefaultListableBeanFactory.resolveDependency(DefaultListableBeanFactory.java:1325)\n\tat org.springframework.beans.factory.support.ConstructorResolver.resolveAutowiredArgument(ConstructorResolver.java:885)\n\tat org.springframework.beans.factory.support.ConstructorResolver.createArgumentArray(ConstructorResolver.java:789)\n\t... 111 more\nCaused by: org.springframework.beans.factory.BeanCreationException: Error creating bean with name 'getPlaywright' defined in class path resource [org/eugens21/luma/web/playwright/Instance.class]: Failed to instantiate [com.microsoft.playwright.Playwright]: Factory method 'getPlaywright' threw exception with message: Failed to create driver\n\tat org.springframework.beans.factory.support.ConstructorResolver.instantiate(ConstructorResolver.java:657)\n\tat org.springframework.beans.factory.support.ConstructorResolver.instantiateUsingFactoryMethod(ConstructorResolver.java:491)\n\tat org.springframework.beans.factory.support.AbstractAutowireCapableBeanFactory.instantiateUsingFactoryMethod(AbstractAutowireCapableBeanFactory.java:1324)\n\tat org.springframework.beans.factory.support.AbstractAutowireCapableBeanFactory.createBeanInstance(AbstractAutowireCapableBeanFactory.java:1161)\n\tat org.springframework.beans.factory.support.AbstractAutowireCapableBeanFactory.doCreateBean(AbstractAutowireCapableBeanFactory.java:561)\n\tat org.springframework.beans.factory.support.AbstractAutowireCapableBeanFactory.createBean(AbstractAutowireCapableBeanFactory.java:521)\n\tat org.springframework.beans.factory.support.AbstractBeanFactory.lambda$doGetBean$0(AbstractBeanFactory.java:326)\n\tat org.springframework.beans.factory.support.DefaultSingletonBeanRegistry.getSingleton(DefaultSingletonBeanRegistry.java:234)\n\tat org.springframework.beans.factory.support.AbstractBeanFactory.doGetBean(AbstractBeanFactory.java:324)\n\tat org.springframework.beans.factory.support.AbstractBeanFactory.getBean(AbstractBeanFactory.java:200)\n\tat org.springframework.beans.factory.config.DependencyDescriptor.resolveCandidate(DependencyDescriptor.java:254)\n\tat org.springframework.beans.factory.support.DefaultListableBeanFactory.doResolveDependency(DefaultListableBeanFactory.java:1405)\n\tat org.springframework.beans.factory.support.DefaultListableBeanFactory.resolveDependency(DefaultListableBeanFactory.java:1325)\n\tat org.springframework.beans.factory.support.ConstructorResolver.resolveAutowiredArgument(ConstructorResolver.java:885)\n\tat org.springframework.beans.factory.support.ConstructorResolver.createArgumentArray(ConstructorResolver.java:789)\n\t... 134 more\nCaused by: org.springframework.beans.BeanInstantiationException: Failed to instantiate [com.microsoft.playwright.Playwright]: Factory method 'getPlaywright' threw exception with message: Failed to create driver\n\tat org.springframework.beans.factory.support.SimpleInstantiationStrategy.instantiate(SimpleInstantiationStrategy.java:171)\n\tat org.springframework.beans.factory.support.ConstructorResolver.instantiate(ConstructorResolver.java:653)\n\t... 148 more\nCaused by: java.lang.RuntimeException: Failed to create driver\n\tat com.microsoft.playwright.impl.driver.Driver.createAndInstall(Driver.java:105)\n\tat com.microsoft.playwright.impl.driver.Driver.ensureDriverInstalled(Driver.java:57)\n\tat com.microsoft.playwright.impl.PlaywrightImpl.createImpl(PlaywrightImpl.java:45)\n\tat com.microsoft.playwright.impl.PlaywrightImpl.create(PlaywrightImpl.java:35)\n\tat com.microsoft.playwright.Playwright.create(Playwright.java:96)\n\tat org.eugens21.luma.web.playwright.Instance.getPlaywright(Instance.java:35)\n\tat java.base/jdk.internal.reflect.NativeMethodAccessorImpl.invoke0(Native Method)\n\tat java.base/jdk.internal.reflect.NativeMethodAccessorImpl.invoke(NativeMethodAccessorImpl.java:77)\n\tat java.base/jdk.internal.reflect.DelegatingMethodAccessorImpl.invoke(DelegatingMethodAccessorImpl.java:43)\n\tat java.base/java.lang.reflect.Method.invoke(Method.java:568)\n\tat org.springframework.beans.factory.support.SimpleInstantiationStrategy.instantiate(SimpleInstantiationStrategy.java:139)\n\t... 149 more\nCaused by: java.lang.RuntimeException: Failed to install browsers, exit code: 1\n\tat com.microsoft.playwright.impl.driver.jar.DriverJar.installBrowsers(DriverJar.java:100)\n\tat com.microsoft.playwright.impl.driver.jar.DriverJar.initialize(DriverJar.java:69)\n\tat com.microsoft.playwright.impl.driver.Driver.initialize(Driver.java:64)\n\tat com.microsoft.playwright.impl.driver.Driver.createAndInstall(Driver.java:101)\n\t... 159 more\n","steps":[],"attachments":[],"parameters":[],"stepsCount":0,"attachmentsCount":0,"shouldDisplayMessage":true,"hasContent":true},{"name":"Then  he is on home page","time":{"start":1675944854268,"stop":1675944854269,"duration":1},"status":"skipped","steps":[],"attachments":[],"parameters":[],"stepsCount":0,"attachmentsCount":0,"shouldDisplayMessage":false,"hasContent":false},{"name":"When  he is investigating the header panel structure","time":{"start":1675944854270,"stop":1675944854270,"duration":0},"status":"skipped","steps":[],"attachments":[],"parameters":[],"stepsCount":0,"attachmentsCount":0,"shouldDisplayMessage":false,"hasContent":false},{"name":"Then  he should see the following welcome message: 'Default welcome msg!'","time":{"start":1675944854271,"stop":1675944854272,"duration":1},"status":"skipped","steps":[],"attachments":[],"parameters":[],"stepsCount":0,"attachmentsCount":0,"shouldDisplayMessage":false,"hasContent":false}],"attachments":[],"parameters":[],"stepsCount":4,"attachmentsCount":0,"shouldDisplayMessage":false,"hasContent":true},"afterStages":[{"name":"org.eugens21.luma.hook.Screenshots.doScreenshot(io.cucumber.java.Scenario)","time":{"start":1675944854251,"stop":1675944854268,"duration":17},"status":"broken","statusMessage":"AFTER_STEP is failed: Cannot invoke \"com.microsoft.playwright.Page.screenshot()\" because \"value\" is null","statusTrace":"java.lang.NullPointerException: Cannot invoke \"com.microsoft.playwright.Page.screenshot()\" because \"value\" is null\n\tat org.eugens21.luma.hook.Screenshots.doScreenshot(Screenshots.java:25)\n","steps":[],"attachments":[],"parameters":[],"stepsCount":0,"attachmentsCount":0,"shouldDisplayMessage":true,"hasContent":true},{"name":"org.eugens21.luma.hook.Screenshots.doScreenshot(io.cucumber.java.Scenario)","time":{"start":1675944854270,"stop":1675944854270,"duration":0},"status":"skipped","statusMessage":"AFTER_STEP is failed.","steps":[],"attachments":[],"parameters":[],"stepsCount":0,"attachmentsCount":0,"shouldDisplayMessage":true,"hasContent":true},{"name":"org.eugens21.luma.hook.Screenshots.doScreenshot(io.cucumber.java.Scenario)","time":{"start":1675944854271,"stop":1675944854271,"duration":0},"status":"skipped","statusMessage":"AFTER_STEP is failed.","steps":[],"attachments":[],"parameters":[],"stepsCount":0,"attachmentsCount":0,"shouldDisplayMessage":true,"hasContent":true},{"name":"org.eugens21.luma.hook.Screenshots.doScreenshot(io.cucumber.java.Scenario)","time":{"start":1675944854272,"stop":1675944854272,"duration":0},"status":"skipped","statusMessage":"AFTER_STEP is failed.","steps":[],"attachments":[],"parameters":[],"stepsCount":0,"attachmentsCount":0,"shouldDisplayMessage":true,"hasContent":true},{"name":"org.eugens21.luma.hook.BrowserHooks.closePage()","time":{"start":1675944854272,"stop":1675944854273,"duration":1},"status":"passed","steps":[],"attachments":[],"parameters":[],"stepsCount":0,"attachmentsCount":0,"shouldDisplayMessage":false,"hasContent":false},{"name":"org.eugens21.luma.hook.AssertionHooks.doAssertAll()","time":{"start":1675944854274,"stop":1675944854276,"duration":2},"status":"passed","steps":[],"attachments":[],"parameters":[],"stepsCount":0,"attachmentsCount":0,"shouldDisplayMessage":false,"hasContent":false}],"labels":[{"name":"tag","value":"ui"},{"name":"host","value":"fv-az450-556"},{"name":"thread","value":"2239@fv-az450-556.main(1)"},{"name":"feature","value":"Verify the structure of the header"},{"name":"story","value":"Verify header panel welcome message"},{"name":"suite","value":"Verify the structure of the header"},{"name":"testClass","value":"Verify header panel welcome message"},{"name":"framework","value":"cucumber4jvm"},{"name":"language","value":"java"},{"name":"gherkin_uri","value":"file:///home/runner/work/playwright/playwright/src/test/resources/features/HeaderTest.feature"},{"name":"package","value":"src.test.resources.features.HeaderTest_feature.Verify the structure of the header"},{"name":"resultFormat","value":"allure2"}],"parameters":[],"links":[],"hidden":false,"retry":false,"extra":{"severity":"normal","retries":[],"categories":[{"name":"Test defects","matchedStatuses":[],"flaky":false}],"history":{"statistic":{"failed":0,"broken":1,"skipped":0,"passed":5,"unknown":0,"total":6},"items":[{"uid":"4c6706875f14b387","reportUrl":"https://EugenS21.github.io/playwright/48//#testresult/4c6706875f14b387","status":"passed","time":{"start":1675944528310,"stop":1675944546324,"duration":18014}},{"uid":"6259b54edd1c0e5b","reportUrl":"https://EugenS21.github.io/playwright/47//#testresult/6259b54edd1c0e5b","status":"passed","time":{"start":1675944369600,"stop":1675944385099,"duration":15499}},{"uid":"ec78372cb8dd71b3","reportUrl":"https://EugenS21.github.io/playwright/46//#testresult/ec78372cb8dd71b3","status":"passed","time":{"start":1675942659330,"stop":1675942675997,"duration":16667}},{"uid":"6537b014f289be92","reportUrl":"https://EugenS21.github.io/playwright/45//#testresult/6537b014f289be92","status":"passed","time":{"start":1675942262439,"stop":1675942279144,"duration":16705}},{"uid":"6791de79742a2fbc","reportUrl":"https://EugenS21.github.io/playwright/43//#testresult/6791de79742a2fbc","status":"passed","time":{"start":1675941995793,"stop":1675942011585,"duration":15792}}]},"tags":["ui"]},"source":"790a9386b235b591.json","parameterValues":[]}