{"uid":"c749359a41aa5a0f","name":"Verify 'ASC' sorting by 'PRODUCT_NAME' criteria","fullName":"Verify search functionality: Verify 'ASC' sorting by 'PRODUCT_NAME' criteria","historyId":"74b404a223de43f52cbf5f1e5d1b076b","time":{"start":1675944862699,"stop":1675944862721,"duration":22},"status":"broken","statusMessage":"Could not invoke step [user navigates to home page] defined at 'org.eugens21.luma.steps.HomePageSteps.userNavigatesToPage()'.\nIt appears there was a problem with the step definition.\nThe converted arguments types were ()","statusTrace":"io.cucumber.core.exception.CucumberException: Could not invoke step [user navigates to home page] defined at 'org.eugens21.luma.steps.HomePageSteps.userNavigatesToPage()'.\nIt appears there was a problem with the step definition.\nThe converted arguments types were ()\n\tat io.cucumber.core.runner.PickleStepDefinitionMatch.couldNotInvokeStep(PickleStepDefinitionMatch.java:130)\n\tat io.cucumber.core.runner.PickleStepDefinitionMatch.runStep(PickleStepDefinitionMatch.java:65)\n\tat io.cucumber.core.runner.ExecutionMode$1.execute(ExecutionMode.java:10)\n\tat io.cucumber.core.runner.TestStep.executeStep(TestStep.java:85)\n\tat io.cucumber.core.runner.TestStep.run(TestStep.java:57)\n\tat io.cucumber.core.runner.PickleStepTestStep.run(PickleStepTestStep.java:51)\n\tat io.cucumber.core.runner.TestCase.run(TestCase.java:84)\n\tat io.cucumber.core.runner.Runner.runPickle(Runner.java:75)\n\tat io.cucumber.testng.TestNGCucumberRunner.lambda$runScenario$1(TestNGCucumberRunner.java:132)\n\tat io.cucumber.core.runtime.CucumberExecutionContext.lambda$runTestCase$5(CucumberExecutionContext.java:129)\n\tat io.cucumber.core.runtime.RethrowingThrowableCollector.executeAndThrow(RethrowingThrowableCollector.java:23)\n\tat io.cucumber.core.runtime.CucumberExecutionContext.runTestCase(CucumberExecutionContext.java:129)\n\tat io.cucumber.testng.TestNGCucumberRunner.runScenario(TestNGCucumberRunner.java:129)\n\tat io.cucumber.testng.AbstractTestNGCucumberTests.runScenario(AbstractTestNGCucumberTests.java:35)\n\tat java.base/jdk.internal.reflect.NativeMethodAccessorImpl.invoke0(Native Method)\n\tat java.base/jdk.internal.reflect.NativeMethodAccessorImpl.invoke(NativeMethodAccessorImpl.java:77)\n\tat java.base/jdk.internal.reflect.DelegatingMethodAccessorImpl.invoke(DelegatingMethodAccessorImpl.java:43)\n\tat java.base/java.lang.reflect.Method.invoke(Method.java:568)\n\tat org.testng.internal.invokers.MethodInvocationHelper.invokeMethod(MethodInvocationHelper.java:139)\n\tat org.testng.internal.invokers.TestInvoker.invokeMethod(TestInvoker.java:677)\n\tat org.testng.internal.invokers.TestInvoker.invokeTestMethod(TestInvoker.java:221)\n\tat org.testng.internal.invokers.MethodRunner.runInSequence(MethodRunner.java:50)\n\tat org.testng.internal.invokers.TestInvoker$MethodInvocationAgent.invoke(TestInvoker.java:969)\n\tat org.testng.internal.invokers.TestInvoker.invokeTestMethods(TestInvoker.java:194)\n\tat org.testng.internal.invokers.TestMethodWorker.invokeTestMethods(TestMethodWorker.java:148)\n\tat org.testng.internal.invokers.TestMethodWorker.run(TestMethodWorker.java:128)\n\tat java.base/java.util.ArrayList.forEach(ArrayList.java:1511)\n\tat org.testng.TestRunner.privateRun(TestRunner.java:829)\n\tat org.testng.TestRunner.run(TestRunner.java:602)\n\tat org.testng.SuiteRunner.runTest(SuiteRunner.java:437)\n\tat org.testng.SuiteRunner.runSequentially(SuiteRunner.java:431)\n\tat org.testng.SuiteRunner.privateRun(SuiteRunner.java:391)\n\tat org.testng.SuiteRunner.run(SuiteRunner.java:330)\n\tat org.testng.SuiteRunnerWorker.runSuite(SuiteRunnerWorker.java:52)\n\tat org.testng.SuiteRunnerWorker.run(SuiteRunnerWorker.java:95)\n\tat org.testng.TestNG.runSuitesSequentially(TestNG.java:1256)\n\tat org.testng.TestNG.runSuitesLocally(TestNG.java:1176)\n\tat org.testng.TestNG.runSuites(TestNG.java:1099)\n\tat org.testng.TestNG.run(TestNG.java:1067)\n\tat org.apache.maven.surefire.testng.TestNGExecutor.run(TestNGExecutor.java:135)\n\tat org.apache.maven.surefire.testng.TestNGDirectoryTestSuite.executeSingleClass(TestNGDirectoryTestSuite.java:112)\n\tat org.apache.maven.surefire.testng.TestNGDirectoryTestSuite.execute(TestNGDirectoryTestSuite.java:99)\n\tat org.apache.maven.surefire.testng.TestNGProvider.invoke(TestNGProvider.java:146)\n\tat java.base/jdk.internal.reflect.NativeMethodAccessorImpl.invoke0(Native Method)\n\tat java.base/jdk.internal.reflect.NativeMethodAccessorImpl.invoke(NativeMethodAccessorImpl.java:77)\n\tat java.base/jdk.internal.reflect.DelegatingMethodAccessorImpl.invoke(DelegatingMethodAccessorImpl.java:43)\n\tat java.base/java.lang.reflect.Method.invoke(Method.java:568)\n\tat org.apache.maven.surefire.util.ReflectionUtils.invokeMethodWithArray2(ReflectionUtils.java:206)\n\tat org.apache.maven.surefire.booter.ProviderFactory$ProviderProxy.invoke(ProviderFactory.java:161)\n\tat org.apache.maven.surefire.booter.ProviderFactory.invokeProvider(ProviderFactory.java:84)\n\tat org.apache.maven.plugin.surefire.InPluginVMSurefireStarter.runSuitesInProcess(InPluginVMSurefireStarter.java:87)\n\tat org.apache.maven.plugin.surefire.AbstractSurefireMojo.executeProvider(AbstractSurefireMojo.java:1166)\n\tat org.apache.maven.plugin.surefire.AbstractSurefireMojo.executeAfterPreconditionsChecked(AbstractSurefireMojo.java:1011)\n\tat org.apache.maven.plugin.surefire.AbstractSurefireMojo.execute(AbstractSurefireMojo.java:857)\n\tat org.apache.maven.plugin.DefaultBuildPluginManager.executeMojo(DefaultBuildPluginManager.java:137)\n\tat org.apache.maven.lifecycle.internal.MojoExecutor.doExecute2(MojoExecutor.java:370)\n\tat org.apache.maven.lifecycle.internal.MojoExecutor.doExecute(MojoExecutor.java:351)\n\tat org.apache.maven.lifecycle.internal.MojoExecutor.execute(MojoExecutor.java:215)\n\tat org.apache.maven.lifecycle.internal.MojoExecutor.execute(MojoExecutor.java:171)\n\tat org.apache.maven.lifecycle.internal.MojoExecutor.execute(MojoExecutor.java:163)\n\tat org.apache.maven.lifecycle.internal.LifecycleModuleBuilder.buildProject(LifecycleModuleBuilder.java:117)\n\tat org.apache.maven.lifecycle.internal.LifecycleModuleBuilder.buildProject(LifecycleModuleBuilder.java:81)\n\tat org.apache.maven.lifecycle.internal.builder.singlethreaded.SingleThreadedBuilder.build(SingleThreadedBuilder.java:56)\n\tat org.apache.maven.lifecycle.internal.LifecycleStarter.execute(LifecycleStarter.java:128)\n\tat org.apache.maven.DefaultMaven.doExecute(DefaultMaven.java:298)\n\tat org.apache.maven.DefaultMaven.doExecute(DefaultMaven.java:192)\n\tat org.apache.maven.DefaultMaven.execute(DefaultMaven.java:105)\n\tat org.apache.maven.cli.MavenCli.execute(MavenCli.java:960)\n\tat org.apache.maven.cli.MavenCli.doMain(MavenCli.java:293)\n\tat org.apache.maven.cli.MavenCli.main(MavenCli.java:196)\n\tat java.base/jdk.internal.reflect.NativeMethodAccessorImpl.invoke0(Native Method)\n\tat java.base/jdk.internal.reflect.NativeMethodAccessorImpl.invoke(NativeMethodAccessorImpl.java:77)\n\tat java.base/jdk.internal.reflect.DelegatingMethodAccessorImpl.invoke(DelegatingMethodAccessorImpl.java:43)\n\tat java.base/java.lang.reflect.Method.invoke(Method.java:568)\n\tat org.codehaus.plexus.classworlds.launcher.Launcher.launchEnhanced(Launcher.java:282)\n\tat org.codehaus.plexus.classworlds.launcher.Launcher.launch(Launcher.java:225)\n\tat org.codehaus.plexus.classworlds.launcher.Launcher.mainWithExitCode(Launcher.java:406)\n\tat org.codehaus.plexus.classworlds.launcher.Launcher.main(Launcher.java:347)\nCaused by: io.cucumber.core.backend.CucumberBackendException: Error creating bean with name 'org.eugens21.luma.steps.HomePageSteps': Unsatisfied dependency expressed through constructor parameter 1: Error creating bean with name 'browserService': Invocation of init method failed\n\tat io.cucumber.spring.SpringFactory.getInstance(SpringFactory.java:136)\n\tat io.cucumber.java.AbstractGlueDefinition.invokeMethod(AbstractGlueDefinition.java:47)\n\tat io.cucumber.java.JavaStepDefinition.execute(JavaStepDefinition.java:29)\n\tat io.cucumber.core.runner.CoreStepDefinition.execute(CoreStepDefinition.java:66)\n\tat io.cucumber.core.runner.PickleStepDefinitionMatch.runStep(PickleStepDefinitionMatch.java:63)\n\t... 76 more\nCaused by: org.springframework.beans.factory.UnsatisfiedDependencyException: Error creating bean with name 'org.eugens21.luma.steps.HomePageSteps': Unsatisfied dependency expressed through constructor parameter 1: Error creating bean with name 'browserService': Invocation of init method failed\n\tat org.springframework.beans.factory.support.ConstructorResolver.createArgumentArray(ConstructorResolver.java:798)\n\tat org.springframework.beans.factory.support.ConstructorResolver.autowireConstructor(ConstructorResolver.java:245)\n\tat org.springframework.beans.factory.support.AbstractAutowireCapableBeanFactory.autowireConstructor(AbstractAutowireCapableBeanFactory.java:1344)\n\tat org.springframework.beans.factory.support.AbstractAutowireCapableBeanFactory.createBeanInstance(AbstractAutowireCapableBeanFactory.java:1188)\n\tat org.springframework.beans.factory.support.AbstractAutowireCapableBeanFactory.doCreateBean(AbstractAutowireCapableBeanFactory.java:561)\n\tat org.springframework.beans.factory.support.AbstractAutowireCapableBeanFactory.createBean(AbstractAutowireCapableBeanFactory.java:521)\n\tat org.springframework.beans.factory.support.AbstractBeanFactory.lambda$doGetBean$1(AbstractBeanFactory.java:365)\n\tat io.cucumber.spring.CucumberScenarioScope.get(CucumberScenarioScope.java:13)\n\tat org.springframework.beans.factory.support.AbstractBeanFactory.doGetBean(AbstractBeanFactory.java:362)\n\tat org.springframework.beans.factory.support.AbstractBeanFactory.getBean(AbstractBeanFactory.java:225)\n\tat org.springframework.beans.factory.support.DefaultListableBeanFactory.resolveNamedBean(DefaultListableBeanFactory.java:1298)\n\tat org.springframework.beans.factory.support.DefaultListableBeanFactory.resolveNamedBean(DefaultListableBeanFactory.java:1259)\n\tat org.springframework.beans.factory.support.DefaultListableBeanFactory.resolveBean(DefaultListableBeanFactory.java:483)\n\tat org.springframework.beans.factory.support.DefaultListableBeanFactory.getBean(DefaultListableBeanFactory.java:338)\n\tat org.springframework.beans.factory.support.DefaultListableBeanFactory.getBean(DefaultListableBeanFactory.java:331)\n\tat org.springframework.context.support.AbstractApplicationContext.getBean(AbstractApplicationContext.java:1148)\n\tat io.cucumber.spring.TestContextAdaptor.getInstance(TestContextAdaptor.java:232)\n\tat io.cucumber.spring.SpringFactory.getInstance(SpringFactory.java:134)\n\t... 80 more\nCaused by: org.springframework.beans.factory.BeanCreationException: Error creating bean with name 'browserService': Invocation of init method failed\n\tat org.springframework.beans.factory.annotation.InitDestroyAnnotationBeanPostProcessor.postProcessBeforeInitialization(InitDestroyAnnotationBeanPostProcessor.java:195)\n\tat org.springframework.beans.factory.support.AbstractAutowireCapableBeanFactory.applyBeanPostProcessorsBeforeInitialization(AbstractAutowireCapableBeanFactory.java:420)\n\tat org.springframework.beans.factory.support.AbstractAutowireCapableBeanFactory.initializeBean(AbstractAutowireCapableBeanFactory.java:1743)\n\tat org.springframework.beans.factory.support.AbstractAutowireCapableBeanFactory.doCreateBean(AbstractAutowireCapableBeanFactory.java:599)\n\tat org.springframework.beans.factory.support.AbstractAutowireCapableBeanFactory.createBean(AbstractAutowireCapableBeanFactory.java:521)\n\tat org.springframework.beans.factory.support.AbstractBeanFactory.lambda$doGetBean$0(AbstractBeanFactory.java:326)\n\tat org.springframework.beans.factory.support.DefaultSingletonBeanRegistry.getSingleton(DefaultSingletonBeanRegistry.java:234)\n\tat org.springframework.beans.factory.support.AbstractBeanFactory.doGetBean(AbstractBeanFactory.java:324)\n\tat org.springframework.beans.factory.support.AbstractBeanFactory.getBean(AbstractBeanFactory.java:200)\n\tat org.springframework.beans.factory.config.DependencyDescriptor.resolveCandidate(DependencyDescriptor.java:254)\n\tat org.springframework.beans.factory.support.DefaultListableBeanFactory.doResolveDependency(DefaultListableBeanFactory.java:1405)\n\tat org.springframework.beans.factory.support.DefaultListableBeanFactory.resolveDependency(DefaultListableBeanFactory.java:1325)\n\tat org.springframework.beans.factory.support.ConstructorResolver.resolveAutowiredArgument(ConstructorResolver.java:885)\n\tat org.springframework.beans.factory.support.ConstructorResolver.createArgumentArray(ConstructorResolver.java:789)\n\t... 97 more\nCaused by: com.microsoft.playwright.PlaywrightException: Error {\n  message='Executable doesn't exist at /home/runner/.cache/ms-playwright/chromium-1033/chrome-linux/chrome\n╔══════════════════════════════════════════════════════════════════════════════════════════╗\n║ Looks like Playwright was just installed or updated.                                     ║\n║ Please run the following command to download new browsers:                               ║\n║                                                                                          ║\n║     mvn exec:java -e -Dexec.mainClass=com.microsoft.playwright.CLI -Dexec.args=\"install\" ║\n║                                                                                          ║\n║ <3 Playwright Team                                                                       ║\n╚══════════════════════════════════════════════════════════════════════════════════════════╝\n  name='Error\n  stack='Error: Executable doesn't exist at /home/runner/.cache/ms-playwright/chromium-1033/chrome-linux/chrome\n╔══════════════════════════════════════════════════════════════════════════════════════════╗\n║ Looks like Playwright was just installed or updated.                                     ║\n║ Please run the following command to download new browsers:                               ║\n║                                                                                          ║\n║     mvn exec:java -e -Dexec.mainClass=com.microsoft.playwright.CLI -Dexec.args=\"install\" ║\n║                                                                                          ║\n║ <3 Playwright Team                                                                       ║\n╚══════════════════════════════════════════════════════════════════════════════════════════╝\n    at executablePathOrDie (/tmp/playwright-java-1456659613254856136/package/lib/server/registry/index.js:298:15)\n    at Object.executablePathOrDie (/tmp/playwright-java-1456659613254856136/package/lib/server/registry/index.js:311:43)\n    at Chromium._launchProcess (/tmp/playwright-java-1456659613254856136/package/lib/server/browserType.js:174:39)\n    at async Chromium._innerLaunch (/tmp/playwright-java-1456659613254856136/package/lib/server/browserType.js:105:9)\n    at async Chromium._innerLaunchWithRetries (/tmp/playwright-java-1456659613254856136/package/lib/server/browserType.js:86:14)\n    at async ProgressController.run (/tmp/playwright-java-1456659613254856136/package/lib/server/progress.js:97:22)\n    at async Chromium.launch (/tmp/playwright-java-1456659613254856136/package/lib/server/browserType.js:63:21)\n    at async BrowserTypeDispatcher.launch (/tmp/playwright-java-1456659613254856136/package/lib/server/dispatchers/browserTypeDispatcher.js:35:21)\n    at async DispatcherConnection.dispatch (/tmp/playwright-java-1456659613254856136/package/lib/server/dispatchers/dispatcher.js:317:22)\n}\n\tat com.microsoft.playwright.impl.WaitableResult.get(WaitableResult.java:54)\n\tat com.microsoft.playwright.impl.ChannelOwner.runUntil(ChannelOwner.java:111)\n\tat com.microsoft.playwright.impl.Connection.sendMessage(Connection.java:119)\n\tat com.microsoft.playwright.impl.ChannelOwner.sendMessage(ChannelOwner.java:102)\n\tat com.microsoft.playwright.impl.BrowserTypeImpl.launchImpl(BrowserTypeImpl.java:52)\n\tat com.microsoft.playwright.impl.BrowserTypeImpl.lambda$launch$0(BrowserTypeImpl.java:44)\n\tat com.microsoft.playwright.impl.LoggingSupport.withLogging(LoggingSupport.java:47)\n\tat com.microsoft.playwright.impl.ChannelOwner.withLogging(ChannelOwner.java:87)\n\tat com.microsoft.playwright.impl.BrowserTypeImpl.launch(BrowserTypeImpl.java:44)\n\tat com.microsoft.playwright.impl.BrowserTypeImpl.launch(BrowserTypeImpl.java:35)\n\tat org.eugens21.luma.web.service.BrowserService.launchBrowser(BrowserService.java:37)\n\tat org.eugens21.luma.web.service.BrowserService.configureBrowserContext(BrowserService.java:45)\n\tat org.eugens21.luma.web.service.BrowserService.launchAndInitializeContext(BrowserService.java:53)\n\tat java.base/jdk.internal.reflect.NativeMethodAccessorImpl.invoke0(Native Method)\n\tat java.base/jdk.internal.reflect.NativeMethodAccessorImpl.invoke(NativeMethodAccessorImpl.java:77)\n\tat java.base/jdk.internal.reflect.DelegatingMethodAccessorImpl.invoke(DelegatingMethodAccessorImpl.java:43)\n\tat java.base/java.lang.reflect.Method.invoke(Method.java:568)\n\tat org.springframework.beans.factory.annotation.InitDestroyAnnotationBeanPostProcessor$LifecycleElement.invoke(InitDestroyAnnotationBeanPostProcessor.java:424)\n\tat org.springframework.beans.factory.annotation.InitDestroyAnnotationBeanPostProcessor$LifecycleMetadata.invokeInitMethods(InitDestroyAnnotationBeanPostProcessor.java:368)\n\tat org.springframework.beans.factory.annotation.InitDestroyAnnotationBeanPostProcessor.postProcessBeforeInitialization(InitDestroyAnnotationBeanPostProcessor.java:192)\n\t... 110 more\nCaused by: com.microsoft.playwright.impl.DriverException: Error {\n  message='Executable doesn't exist at /home/runner/.cache/ms-playwright/chromium-1033/chrome-linux/chrome\n╔══════════════════════════════════════════════════════════════════════════════════════════╗\n║ Looks like Playwright was just installed or updated.                                     ║\n║ Please run the following command to download new browsers:                               ║\n║                                                                                          ║\n║     mvn exec:java -e -Dexec.mainClass=com.microsoft.playwright.CLI -Dexec.args=\"install\" ║\n║                                                                                          ║\n║ <3 Playwright Team                                                                       ║\n╚══════════════════════════════════════════════════════════════════════════════════════════╝\n  name='Error\n  stack='Error: Executable doesn't exist at /home/runner/.cache/ms-playwright/chromium-1033/chrome-linux/chrome\n╔══════════════════════════════════════════════════════════════════════════════════════════╗\n║ Looks like Playwright was just installed or updated.                                     ║\n║ Please run the following command to download new browsers:                               ║\n║                                                                                          ║\n║     mvn exec:java -e -Dexec.mainClass=com.microsoft.playwright.CLI -Dexec.args=\"install\" ║\n║                                                                                          ║\n║ <3 Playwright Team                                                                       ║\n╚══════════════════════════════════════════════════════════════════════════════════════════╝\n    at executablePathOrDie (/tmp/playwright-java-1456659613254856136/package/lib/server/registry/index.js:298:15)\n    at Object.executablePathOrDie (/tmp/playwright-java-1456659613254856136/package/lib/server/registry/index.js:311:43)\n    at Chromium._launchProcess (/tmp/playwright-java-1456659613254856136/package/lib/server/browserType.js:174:39)\n    at async Chromium._innerLaunch (/tmp/playwright-java-1456659613254856136/package/lib/server/browserType.js:105:9)\n    at async Chromium._innerLaunchWithRetries (/tmp/playwright-java-1456659613254856136/package/lib/server/browserType.js:86:14)\n    at async ProgressController.run (/tmp/playwright-java-1456659613254856136/package/lib/server/progress.js:97:22)\n    at async Chromium.launch (/tmp/playwright-java-1456659613254856136/package/lib/server/browserType.js:63:21)\n    at async BrowserTypeDispatcher.launch (/tmp/playwright-java-1456659613254856136/package/lib/server/dispatchers/browserTypeDispatcher.js:35:21)\n    at async DispatcherConnection.dispatch (/tmp/playwright-java-1456659613254856136/package/lib/server/dispatchers/dispatcher.js:317:22)\n}\n\tat com.microsoft.playwright.impl.Connection.dispatch(Connection.java:201)\n\tat com.microsoft.playwright.impl.Connection.processOneMessage(Connection.java:181)\n\tat com.microsoft.playwright.impl.ChannelOwner.runUntil(ChannelOwner.java:109)\n\t... 128 more\n","flaky":false,"newFailed":false,"newBroken":true,"newPassed":false,"retriesCount":0,"retriesStatusChange":false,"beforeStages":[],"testStage":{"status":"broken","statusMessage":"Could not invoke step [user navigates to home page] defined at 'org.eugens21.luma.steps.HomePageSteps.userNavigatesToPage()'.\nIt appears there was a problem with the step definition.\nThe converted arguments types were ()","statusTrace":"io.cucumber.core.exception.CucumberException: Could not invoke step [user navigates to home page] defined at 'org.eugens21.luma.steps.HomePageSteps.userNavigatesToPage()'.\nIt appears there was a problem with the step definition.\nThe converted arguments types were ()\n\tat io.cucumber.core.runner.PickleStepDefinitionMatch.couldNotInvokeStep(PickleStepDefinitionMatch.java:130)\n\tat io.cucumber.core.runner.PickleStepDefinitionMatch.runStep(PickleStepDefinitionMatch.java:65)\n\tat io.cucumber.core.runner.ExecutionMode$1.execute(ExecutionMode.java:10)\n\tat io.cucumber.core.runner.TestStep.executeStep(TestStep.java:85)\n\tat io.cucumber.core.runner.TestStep.run(TestStep.java:57)\n\tat io.cucumber.core.runner.PickleStepTestStep.run(PickleStepTestStep.java:51)\n\tat io.cucumber.core.runner.TestCase.run(TestCase.java:84)\n\tat io.cucumber.core.runner.Runner.runPickle(Runner.java:75)\n\tat io.cucumber.testng.TestNGCucumberRunner.lambda$runScenario$1(TestNGCucumberRunner.java:132)\n\tat io.cucumber.core.runtime.CucumberExecutionContext.lambda$runTestCase$5(CucumberExecutionContext.java:129)\n\tat io.cucumber.core.runtime.RethrowingThrowableCollector.executeAndThrow(RethrowingThrowableCollector.java:23)\n\tat io.cucumber.core.runtime.CucumberExecutionContext.runTestCase(CucumberExecutionContext.java:129)\n\tat io.cucumber.testng.TestNGCucumberRunner.runScenario(TestNGCucumberRunner.java:129)\n\tat io.cucumber.testng.AbstractTestNGCucumberTests.runScenario(AbstractTestNGCucumberTests.java:35)\n\tat java.base/jdk.internal.reflect.NativeMethodAccessorImpl.invoke0(Native Method)\n\tat java.base/jdk.internal.reflect.NativeMethodAccessorImpl.invoke(NativeMethodAccessorImpl.java:77)\n\tat java.base/jdk.internal.reflect.DelegatingMethodAccessorImpl.invoke(DelegatingMethodAccessorImpl.java:43)\n\tat java.base/java.lang.reflect.Method.invoke(Method.java:568)\n\tat org.testng.internal.invokers.MethodInvocationHelper.invokeMethod(MethodInvocationHelper.java:139)\n\tat org.testng.internal.invokers.TestInvoker.invokeMethod(TestInvoker.java:677)\n\tat org.testng.internal.invokers.TestInvoker.invokeTestMethod(TestInvoker.java:221)\n\tat org.testng.internal.invokers.MethodRunner.runInSequence(MethodRunner.java:50)\n\tat org.testng.internal.invokers.TestInvoker$MethodInvocationAgent.invoke(TestInvoker.java:969)\n\tat org.testng.internal.invokers.TestInvoker.invokeTestMethods(TestInvoker.java:194)\n\tat org.testng.internal.invokers.TestMethodWorker.invokeTestMethods(TestMethodWorker.java:148)\n\tat org.testng.internal.invokers.TestMethodWorker.run(TestMethodWorker.java:128)\n\tat java.base/java.util.ArrayList.forEach(ArrayList.java:1511)\n\tat org.testng.TestRunner.privateRun(TestRunner.java:829)\n\tat org.testng.TestRunner.run(TestRunner.java:602)\n\tat org.testng.SuiteRunner.runTest(SuiteRunner.java:437)\n\tat org.testng.SuiteRunner.runSequentially(SuiteRunner.java:431)\n\tat org.testng.SuiteRunner.privateRun(SuiteRunner.java:391)\n\tat org.testng.SuiteRunner.run(SuiteRunner.java:330)\n\tat org.testng.SuiteRunnerWorker.runSuite(SuiteRunnerWorker.java:52)\n\tat org.testng.SuiteRunnerWorker.run(SuiteRunnerWorker.java:95)\n\tat org.testng.TestNG.runSuitesSequentially(TestNG.java:1256)\n\tat org.testng.TestNG.runSuitesLocally(TestNG.java:1176)\n\tat org.testng.TestNG.runSuites(TestNG.java:1099)\n\tat org.testng.TestNG.run(TestNG.java:1067)\n\tat org.apache.maven.surefire.testng.TestNGExecutor.run(TestNGExecutor.java:135)\n\tat org.apache.maven.surefire.testng.TestNGDirectoryTestSuite.executeSingleClass(TestNGDirectoryTestSuite.java:112)\n\tat org.apache.maven.surefire.testng.TestNGDirectoryTestSuite.execute(TestNGDirectoryTestSuite.java:99)\n\tat org.apache.maven.surefire.testng.TestNGProvider.invoke(TestNGProvider.java:146)\n\tat java.base/jdk.internal.reflect.NativeMethodAccessorImpl.invoke0(Native Method)\n\tat java.base/jdk.internal.reflect.NativeMethodAccessorImpl.invoke(NativeMethodAccessorImpl.java:77)\n\tat java.base/jdk.internal.reflect.DelegatingMethodAccessorImpl.invoke(DelegatingMethodAccessorImpl.java:43)\n\tat java.base/java.lang.reflect.Method.invoke(Method.java:568)\n\tat org.apache.maven.surefire.util.ReflectionUtils.invokeMethodWithArray2(ReflectionUtils.java:206)\n\tat org.apache.maven.surefire.booter.ProviderFactory$ProviderProxy.invoke(ProviderFactory.java:161)\n\tat org.apache.maven.surefire.booter.ProviderFactory.invokeProvider(ProviderFactory.java:84)\n\tat org.apache.maven.plugin.surefire.InPluginVMSurefireStarter.runSuitesInProcess(InPluginVMSurefireStarter.java:87)\n\tat org.apache.maven.plugin.surefire.AbstractSurefireMojo.executeProvider(AbstractSurefireMojo.java:1166)\n\tat org.apache.maven.plugin.surefire.AbstractSurefireMojo.executeAfterPreconditionsChecked(AbstractSurefireMojo.java:1011)\n\tat org.apache.maven.plugin.surefire.AbstractSurefireMojo.execute(AbstractSurefireMojo.java:857)\n\tat org.apache.maven.plugin.DefaultBuildPluginManager.executeMojo(DefaultBuildPluginManager.java:137)\n\tat org.apache.maven.lifecycle.internal.MojoExecutor.doExecute2(MojoExecutor.java:370)\n\tat org.apache.maven.lifecycle.internal.MojoExecutor.doExecute(MojoExecutor.java:351)\n\tat org.apache.maven.lifecycle.internal.MojoExecutor.execute(MojoExecutor.java:215)\n\tat org.apache.maven.lifecycle.internal.MojoExecutor.execute(MojoExecutor.java:171)\n\tat org.apache.maven.lifecycle.internal.MojoExecutor.execute(MojoExecutor.java:163)\n\tat org.apache.maven.lifecycle.internal.LifecycleModuleBuilder.buildProject(LifecycleModuleBuilder.java:117)\n\tat org.apache.maven.lifecycle.internal.LifecycleModuleBuilder.buildProject(LifecycleModuleBuilder.java:81)\n\tat org.apache.maven.lifecycle.internal.builder.singlethreaded.SingleThreadedBuilder.build(SingleThreadedBuilder.java:56)\n\tat org.apache.maven.lifecycle.internal.LifecycleStarter.execute(LifecycleStarter.java:128)\n\tat org.apache.maven.DefaultMaven.doExecute(DefaultMaven.java:298)\n\tat org.apache.maven.DefaultMaven.doExecute(DefaultMaven.java:192)\n\tat org.apache.maven.DefaultMaven.execute(DefaultMaven.java:105)\n\tat org.apache.maven.cli.MavenCli.execute(MavenCli.java:960)\n\tat org.apache.maven.cli.MavenCli.doMain(MavenCli.java:293)\n\tat org.apache.maven.cli.MavenCli.main(MavenCli.java:196)\n\tat java.base/jdk.internal.reflect.NativeMethodAccessorImpl.invoke0(Native Method)\n\tat java.base/jdk.internal.reflect.NativeMethodAccessorImpl.invoke(NativeMethodAccessorImpl.java:77)\n\tat java.base/jdk.internal.reflect.DelegatingMethodAccessorImpl.invoke(DelegatingMethodAccessorImpl.java:43)\n\tat java.base/java.lang.reflect.Method.invoke(Method.java:568)\n\tat org.codehaus.plexus.classworlds.launcher.Launcher.launchEnhanced(Launcher.java:282)\n\tat org.codehaus.plexus.classworlds.launcher.Launcher.launch(Launcher.java:225)\n\tat org.codehaus.plexus.classworlds.launcher.Launcher.mainWithExitCode(Launcher.java:406)\n\tat org.codehaus.plexus.classworlds.launcher.Launcher.main(Launcher.java:347)\nCaused by: io.cucumber.core.backend.CucumberBackendException: Error creating bean with name 'org.eugens21.luma.steps.HomePageSteps': Unsatisfied dependency expressed through constructor parameter 1: Error creating bean with name 'browserService': Invocation of init method failed\n\tat io.cucumber.spring.SpringFactory.getInstance(SpringFactory.java:136)\n\tat io.cucumber.java.AbstractGlueDefinition.invokeMethod(AbstractGlueDefinition.java:47)\n\tat io.cucumber.java.JavaStepDefinition.execute(JavaStepDefinition.java:29)\n\tat io.cucumber.core.runner.CoreStepDefinition.execute(CoreStepDefinition.java:66)\n\tat io.cucumber.core.runner.PickleStepDefinitionMatch.runStep(PickleStepDefinitionMatch.java:63)\n\t... 76 more\nCaused by: org.springframework.beans.factory.UnsatisfiedDependencyException: Error creating bean with name 'org.eugens21.luma.steps.HomePageSteps': Unsatisfied dependency expressed through constructor parameter 1: Error creating bean with name 'browserService': Invocation of init method failed\n\tat org.springframework.beans.factory.support.ConstructorResolver.createArgumentArray(ConstructorResolver.java:798)\n\tat org.springframework.beans.factory.support.ConstructorResolver.autowireConstructor(ConstructorResolver.java:245)\n\tat org.springframework.beans.factory.support.AbstractAutowireCapableBeanFactory.autowireConstructor(AbstractAutowireCapableBeanFactory.java:1344)\n\tat org.springframework.beans.factory.support.AbstractAutowireCapableBeanFactory.createBeanInstance(AbstractAutowireCapableBeanFactory.java:1188)\n\tat org.springframework.beans.factory.support.AbstractAutowireCapableBeanFactory.doCreateBean(AbstractAutowireCapableBeanFactory.java:561)\n\tat org.springframework.beans.factory.support.AbstractAutowireCapableBeanFactory.createBean(AbstractAutowireCapableBeanFactory.java:521)\n\tat org.springframework.beans.factory.support.AbstractBeanFactory.lambda$doGetBean$1(AbstractBeanFactory.java:365)\n\tat io.cucumber.spring.CucumberScenarioScope.get(CucumberScenarioScope.java:13)\n\tat org.springframework.beans.factory.support.AbstractBeanFactory.doGetBean(AbstractBeanFactory.java:362)\n\tat org.springframework.beans.factory.support.AbstractBeanFactory.getBean(AbstractBeanFactory.java:225)\n\tat org.springframework.beans.factory.support.DefaultListableBeanFactory.resolveNamedBean(DefaultListableBeanFactory.java:1298)\n\tat org.springframework.beans.factory.support.DefaultListableBeanFactory.resolveNamedBean(DefaultListableBeanFactory.java:1259)\n\tat org.springframework.beans.factory.support.DefaultListableBeanFactory.resolveBean(DefaultListableBeanFactory.java:483)\n\tat org.springframework.beans.factory.support.DefaultListableBeanFactory.getBean(DefaultListableBeanFactory.java:338)\n\tat org.springframework.beans.factory.support.DefaultListableBeanFactory.getBean(DefaultListableBeanFactory.java:331)\n\tat org.springframework.context.support.AbstractApplicationContext.getBean(AbstractApplicationContext.java:1148)\n\tat io.cucumber.spring.TestContextAdaptor.getInstance(TestContextAdaptor.java:232)\n\tat io.cucumber.spring.SpringFactory.getInstance(SpringFactory.java:134)\n\t... 80 more\nCaused by: org.springframework.beans.factory.BeanCreationException: Error creating bean with name 'browserService': Invocation of init method failed\n\tat org.springframework.beans.factory.annotation.InitDestroyAnnotationBeanPostProcessor.postProcessBeforeInitialization(InitDestroyAnnotationBeanPostProcessor.java:195)\n\tat org.springframework.beans.factory.support.AbstractAutowireCapableBeanFactory.applyBeanPostProcessorsBeforeInitialization(AbstractAutowireCapableBeanFactory.java:420)\n\tat org.springframework.beans.factory.support.AbstractAutowireCapableBeanFactory.initializeBean(AbstractAutowireCapableBeanFactory.java:1743)\n\tat org.springframework.beans.factory.support.AbstractAutowireCapableBeanFactory.doCreateBean(AbstractAutowireCapableBeanFactory.java:599)\n\tat org.springframework.beans.factory.support.AbstractAutowireCapableBeanFactory.createBean(AbstractAutowireCapableBeanFactory.java:521)\n\tat org.springframework.beans.factory.support.AbstractBeanFactory.lambda$doGetBean$0(AbstractBeanFactory.java:326)\n\tat org.springframework.beans.factory.support.DefaultSingletonBeanRegistry.getSingleton(DefaultSingletonBeanRegistry.java:234)\n\tat org.springframework.beans.factory.support.AbstractBeanFactory.doGetBean(AbstractBeanFactory.java:324)\n\tat org.springframework.beans.factory.support.AbstractBeanFactory.getBean(AbstractBeanFactory.java:200)\n\tat org.springframework.beans.factory.config.DependencyDescriptor.resolveCandidate(DependencyDescriptor.java:254)\n\tat org.springframework.beans.factory.support.DefaultListableBeanFactory.doResolveDependency(DefaultListableBeanFactory.java:1405)\n\tat org.springframework.beans.factory.support.DefaultListableBeanFactory.resolveDependency(DefaultListableBeanFactory.java:1325)\n\tat org.springframework.beans.factory.support.ConstructorResolver.resolveAutowiredArgument(ConstructorResolver.java:885)\n\tat org.springframework.beans.factory.support.ConstructorResolver.createArgumentArray(ConstructorResolver.java:789)\n\t... 97 more\nCaused by: com.microsoft.playwright.PlaywrightException: Error {\n  message='Executable doesn't exist at /home/runner/.cache/ms-playwright/chromium-1033/chrome-linux/chrome\n╔══════════════════════════════════════════════════════════════════════════════════════════╗\n║ Looks like Playwright was just installed or updated.                                     ║\n║ Please run the following command to download new browsers:                               ║\n║                                                                                          ║\n║     mvn exec:java -e -Dexec.mainClass=com.microsoft.playwright.CLI -Dexec.args=\"install\" ║\n║                                                                                          ║\n║ <3 Playwright Team                                                                       ║\n╚══════════════════════════════════════════════════════════════════════════════════════════╝\n  name='Error\n  stack='Error: Executable doesn't exist at /home/runner/.cache/ms-playwright/chromium-1033/chrome-linux/chrome\n╔══════════════════════════════════════════════════════════════════════════════════════════╗\n║ Looks like Playwright was just installed or updated.                                     ║\n║ Please run the following command to download new browsers:                               ║\n║                                                                                          ║\n║     mvn exec:java -e -Dexec.mainClass=com.microsoft.playwright.CLI -Dexec.args=\"install\" ║\n║                                                                                          ║\n║ <3 Playwright Team                                                                       ║\n╚══════════════════════════════════════════════════════════════════════════════════════════╝\n    at executablePathOrDie (/tmp/playwright-java-1456659613254856136/package/lib/server/registry/index.js:298:15)\n    at Object.executablePathOrDie (/tmp/playwright-java-1456659613254856136/package/lib/server/registry/index.js:311:43)\n    at Chromium._launchProcess (/tmp/playwright-java-1456659613254856136/package/lib/server/browserType.js:174:39)\n    at async Chromium._innerLaunch (/tmp/playwright-java-1456659613254856136/package/lib/server/browserType.js:105:9)\n    at async Chromium._innerLaunchWithRetries (/tmp/playwright-java-1456659613254856136/package/lib/server/browserType.js:86:14)\n    at async ProgressController.run (/tmp/playwright-java-1456659613254856136/package/lib/server/progress.js:97:22)\n    at async Chromium.launch (/tmp/playwright-java-1456659613254856136/package/lib/server/browserType.js:63:21)\n    at async BrowserTypeDispatcher.launch (/tmp/playwright-java-1456659613254856136/package/lib/server/dispatchers/browserTypeDispatcher.js:35:21)\n    at async DispatcherConnection.dispatch (/tmp/playwright-java-1456659613254856136/package/lib/server/dispatchers/dispatcher.js:317:22)\n}\n\tat com.microsoft.playwright.impl.WaitableResult.get(WaitableResult.java:54)\n\tat com.microsoft.playwright.impl.ChannelOwner.runUntil(ChannelOwner.java:111)\n\tat com.microsoft.playwright.impl.Connection.sendMessage(Connection.java:119)\n\tat com.microsoft.playwright.impl.ChannelOwner.sendMessage(ChannelOwner.java:102)\n\tat com.microsoft.playwright.impl.BrowserTypeImpl.launchImpl(BrowserTypeImpl.java:52)\n\tat com.microsoft.playwright.impl.BrowserTypeImpl.lambda$launch$0(BrowserTypeImpl.java:44)\n\tat com.microsoft.playwright.impl.LoggingSupport.withLogging(LoggingSupport.java:47)\n\tat com.microsoft.playwright.impl.ChannelOwner.withLogging(ChannelOwner.java:87)\n\tat com.microsoft.playwright.impl.BrowserTypeImpl.launch(BrowserTypeImpl.java:44)\n\tat com.microsoft.playwright.impl.BrowserTypeImpl.launch(BrowserTypeImpl.java:35)\n\tat org.eugens21.luma.web.service.BrowserService.launchBrowser(BrowserService.java:37)\n\tat org.eugens21.luma.web.service.BrowserService.configureBrowserContext(BrowserService.java:45)\n\tat org.eugens21.luma.web.service.BrowserService.launchAndInitializeContext(BrowserService.java:53)\n\tat java.base/jdk.internal.reflect.NativeMethodAccessorImpl.invoke0(Native Method)\n\tat java.base/jdk.internal.reflect.NativeMethodAccessorImpl.invoke(NativeMethodAccessorImpl.java:77)\n\tat java.base/jdk.internal.reflect.DelegatingMethodAccessorImpl.invoke(DelegatingMethodAccessorImpl.java:43)\n\tat java.base/java.lang.reflect.Method.invoke(Method.java:568)\n\tat org.springframework.beans.factory.annotation.InitDestroyAnnotationBeanPostProcessor$LifecycleElement.invoke(InitDestroyAnnotationBeanPostProcessor.java:424)\n\tat org.springframework.beans.factory.annotation.InitDestroyAnnotationBeanPostProcessor$LifecycleMetadata.invokeInitMethods(InitDestroyAnnotationBeanPostProcessor.java:368)\n\tat org.springframework.beans.factory.annotation.InitDestroyAnnotationBeanPostProcessor.postProcessBeforeInitialization(InitDestroyAnnotationBeanPostProcessor.java:192)\n\t... 110 more\nCaused by: com.microsoft.playwright.impl.DriverException: Error {\n  message='Executable doesn't exist at /home/runner/.cache/ms-playwright/chromium-1033/chrome-linux/chrome\n╔══════════════════════════════════════════════════════════════════════════════════════════╗\n║ Looks like Playwright was just installed or updated.                                     ║\n║ Please run the following command to download new browsers:                               ║\n║                                                                                          ║\n║     mvn exec:java -e -Dexec.mainClass=com.microsoft.playwright.CLI -Dexec.args=\"install\" ║\n║                                                                                          ║\n║ <3 Playwright Team                                                                       ║\n╚══════════════════════════════════════════════════════════════════════════════════════════╝\n  name='Error\n  stack='Error: Executable doesn't exist at /home/runner/.cache/ms-playwright/chromium-1033/chrome-linux/chrome\n╔══════════════════════════════════════════════════════════════════════════════════════════╗\n║ Looks like Playwright was just installed or updated.                                     ║\n║ Please run the following command to download new browsers:                               ║\n║                                                                                          ║\n║     mvn exec:java -e -Dexec.mainClass=com.microsoft.playwright.CLI -Dexec.args=\"install\" ║\n║                                                                                          ║\n║ <3 Playwright Team                                                                       ║\n╚══════════════════════════════════════════════════════════════════════════════════════════╝\n    at executablePathOrDie (/tmp/playwright-java-1456659613254856136/package/lib/server/registry/index.js:298:15)\n    at Object.executablePathOrDie (/tmp/playwright-java-1456659613254856136/package/lib/server/registry/index.js:311:43)\n    at Chromium._launchProcess (/tmp/playwright-java-1456659613254856136/package/lib/server/browserType.js:174:39)\n    at async Chromium._innerLaunch (/tmp/playwright-java-1456659613254856136/package/lib/server/browserType.js:105:9)\n    at async Chromium._innerLaunchWithRetries (/tmp/playwright-java-1456659613254856136/package/lib/server/browserType.js:86:14)\n    at async ProgressController.run (/tmp/playwright-java-1456659613254856136/package/lib/server/progress.js:97:22)\n    at async Chromium.launch (/tmp/playwright-java-1456659613254856136/package/lib/server/browserType.js:63:21)\n    at async BrowserTypeDispatcher.launch (/tmp/playwright-java-1456659613254856136/package/lib/server/dispatchers/browserTypeDispatcher.js:35:21)\n    at async DispatcherConnection.dispatch (/tmp/playwright-java-1456659613254856136/package/lib/server/dispatchers/dispatcher.js:317:22)\n}\n\tat com.microsoft.playwright.impl.Connection.dispatch(Connection.java:201)\n\tat com.microsoft.playwright.impl.Connection.processOneMessage(Connection.java:181)\n\tat com.microsoft.playwright.impl.ChannelOwner.runUntil(ChannelOwner.java:109)\n\t... 128 more\n","steps":[{"name":"Given  user navigates to home page","time":{"start":1675944862700,"stop":1675944862717,"duration":17},"status":"broken","statusMessage":"Could not invoke step [user navigates to home page] defined at 'org.eugens21.luma.steps.HomePageSteps.userNavigatesToPage()'.\nIt appears there was a problem with the step definition.\nThe converted arguments types were ()","statusTrace":"io.cucumber.core.exception.CucumberException: Could not invoke step [user navigates to home page] defined at 'org.eugens21.luma.steps.HomePageSteps.userNavigatesToPage()'.\nIt appears there was a problem with the step definition.\nThe converted arguments types were ()\n\tat io.cucumber.core.runner.PickleStepDefinitionMatch.couldNotInvokeStep(PickleStepDefinitionMatch.java:130)\n\tat io.cucumber.core.runner.PickleStepDefinitionMatch.runStep(PickleStepDefinitionMatch.java:65)\n\tat io.cucumber.core.runner.ExecutionMode$1.execute(ExecutionMode.java:10)\n\tat io.cucumber.core.runner.TestStep.executeStep(TestStep.java:85)\n\tat io.cucumber.core.runner.TestStep.run(TestStep.java:57)\n\tat io.cucumber.core.runner.PickleStepTestStep.run(PickleStepTestStep.java:51)\n\tat io.cucumber.core.runner.TestCase.run(TestCase.java:84)\n\tat io.cucumber.core.runner.Runner.runPickle(Runner.java:75)\n\tat io.cucumber.testng.TestNGCucumberRunner.lambda$runScenario$1(TestNGCucumberRunner.java:132)\n\tat io.cucumber.core.runtime.CucumberExecutionContext.lambda$runTestCase$5(CucumberExecutionContext.java:129)\n\tat io.cucumber.core.runtime.RethrowingThrowableCollector.executeAndThrow(RethrowingThrowableCollector.java:23)\n\tat io.cucumber.core.runtime.CucumberExecutionContext.runTestCase(CucumberExecutionContext.java:129)\n\tat io.cucumber.testng.TestNGCucumberRunner.runScenario(TestNGCucumberRunner.java:129)\n\tat io.cucumber.testng.AbstractTestNGCucumberTests.runScenario(AbstractTestNGCucumberTests.java:35)\n\tat java.base/jdk.internal.reflect.NativeMethodAccessorImpl.invoke0(Native Method)\n\tat java.base/jdk.internal.reflect.NativeMethodAccessorImpl.invoke(NativeMethodAccessorImpl.java:77)\n\tat java.base/jdk.internal.reflect.DelegatingMethodAccessorImpl.invoke(DelegatingMethodAccessorImpl.java:43)\n\tat java.base/java.lang.reflect.Method.invoke(Method.java:568)\n\tat org.testng.internal.invokers.MethodInvocationHelper.invokeMethod(MethodInvocationHelper.java:139)\n\tat org.testng.internal.invokers.TestInvoker.invokeMethod(TestInvoker.java:677)\n\tat org.testng.internal.invokers.TestInvoker.invokeTestMethod(TestInvoker.java:221)\n\tat org.testng.internal.invokers.MethodRunner.runInSequence(MethodRunner.java:50)\n\tat org.testng.internal.invokers.TestInvoker$MethodInvocationAgent.invoke(TestInvoker.java:969)\n\tat org.testng.internal.invokers.TestInvoker.invokeTestMethods(TestInvoker.java:194)\n\tat org.testng.internal.invokers.TestMethodWorker.invokeTestMethods(TestMethodWorker.java:148)\n\tat org.testng.internal.invokers.TestMethodWorker.run(TestMethodWorker.java:128)\n\tat java.base/java.util.ArrayList.forEach(ArrayList.java:1511)\n\tat org.testng.TestRunner.privateRun(TestRunner.java:829)\n\tat org.testng.TestRunner.run(TestRunner.java:602)\n\tat org.testng.SuiteRunner.runTest(SuiteRunner.java:437)\n\tat org.testng.SuiteRunner.runSequentially(SuiteRunner.java:431)\n\tat org.testng.SuiteRunner.privateRun(SuiteRunner.java:391)\n\tat org.testng.SuiteRunner.run(SuiteRunner.java:330)\n\tat org.testng.SuiteRunnerWorker.runSuite(SuiteRunnerWorker.java:52)\n\tat org.testng.SuiteRunnerWorker.run(SuiteRunnerWorker.java:95)\n\tat org.testng.TestNG.runSuitesSequentially(TestNG.java:1256)\n\tat org.testng.TestNG.runSuitesLocally(TestNG.java:1176)\n\tat org.testng.TestNG.runSuites(TestNG.java:1099)\n\tat org.testng.TestNG.run(TestNG.java:1067)\n\tat org.apache.maven.surefire.testng.TestNGExecutor.run(TestNGExecutor.java:135)\n\tat org.apache.maven.surefire.testng.TestNGDirectoryTestSuite.executeSingleClass(TestNGDirectoryTestSuite.java:112)\n\tat org.apache.maven.surefire.testng.TestNGDirectoryTestSuite.execute(TestNGDirectoryTestSuite.java:99)\n\tat org.apache.maven.surefire.testng.TestNGProvider.invoke(TestNGProvider.java:146)\n\tat java.base/jdk.internal.reflect.NativeMethodAccessorImpl.invoke0(Native Method)\n\tat java.base/jdk.internal.reflect.NativeMethodAccessorImpl.invoke(NativeMethodAccessorImpl.java:77)\n\tat java.base/jdk.internal.reflect.DelegatingMethodAccessorImpl.invoke(DelegatingMethodAccessorImpl.java:43)\n\tat java.base/java.lang.reflect.Method.invoke(Method.java:568)\n\tat org.apache.maven.surefire.util.ReflectionUtils.invokeMethodWithArray2(ReflectionUtils.java:206)\n\tat org.apache.maven.surefire.booter.ProviderFactory$ProviderProxy.invoke(ProviderFactory.java:161)\n\tat org.apache.maven.surefire.booter.ProviderFactory.invokeProvider(ProviderFactory.java:84)\n\tat org.apache.maven.plugin.surefire.InPluginVMSurefireStarter.runSuitesInProcess(InPluginVMSurefireStarter.java:87)\n\tat org.apache.maven.plugin.surefire.AbstractSurefireMojo.executeProvider(AbstractSurefireMojo.java:1166)\n\tat org.apache.maven.plugin.surefire.AbstractSurefireMojo.executeAfterPreconditionsChecked(AbstractSurefireMojo.java:1011)\n\tat org.apache.maven.plugin.surefire.AbstractSurefireMojo.execute(AbstractSurefireMojo.java:857)\n\tat org.apache.maven.plugin.DefaultBuildPluginManager.executeMojo(DefaultBuildPluginManager.java:137)\n\tat org.apache.maven.lifecycle.internal.MojoExecutor.doExecute2(MojoExecutor.java:370)\n\tat org.apache.maven.lifecycle.internal.MojoExecutor.doExecute(MojoExecutor.java:351)\n\tat org.apache.maven.lifecycle.internal.MojoExecutor.execute(MojoExecutor.java:215)\n\tat org.apache.maven.lifecycle.internal.MojoExecutor.execute(MojoExecutor.java:171)\n\tat org.apache.maven.lifecycle.internal.MojoExecutor.execute(MojoExecutor.java:163)\n\tat org.apache.maven.lifecycle.internal.LifecycleModuleBuilder.buildProject(LifecycleModuleBuilder.java:117)\n\tat org.apache.maven.lifecycle.internal.LifecycleModuleBuilder.buildProject(LifecycleModuleBuilder.java:81)\n\tat org.apache.maven.lifecycle.internal.builder.singlethreaded.SingleThreadedBuilder.build(SingleThreadedBuilder.java:56)\n\tat org.apache.maven.lifecycle.internal.LifecycleStarter.execute(LifecycleStarter.java:128)\n\tat org.apache.maven.DefaultMaven.doExecute(DefaultMaven.java:298)\n\tat org.apache.maven.DefaultMaven.doExecute(DefaultMaven.java:192)\n\tat org.apache.maven.DefaultMaven.execute(DefaultMaven.java:105)\n\tat org.apache.maven.cli.MavenCli.execute(MavenCli.java:960)\n\tat org.apache.maven.cli.MavenCli.doMain(MavenCli.java:293)\n\tat org.apache.maven.cli.MavenCli.main(MavenCli.java:196)\n\tat java.base/jdk.internal.reflect.NativeMethodAccessorImpl.invoke0(Native Method)\n\tat java.base/jdk.internal.reflect.NativeMethodAccessorImpl.invoke(NativeMethodAccessorImpl.java:77)\n\tat java.base/jdk.internal.reflect.DelegatingMethodAccessorImpl.invoke(DelegatingMethodAccessorImpl.java:43)\n\tat java.base/java.lang.reflect.Method.invoke(Method.java:568)\n\tat org.codehaus.plexus.classworlds.launcher.Launcher.launchEnhanced(Launcher.java:282)\n\tat org.codehaus.plexus.classworlds.launcher.Launcher.launch(Launcher.java:225)\n\tat org.codehaus.plexus.classworlds.launcher.Launcher.mainWithExitCode(Launcher.java:406)\n\tat org.codehaus.plexus.classworlds.launcher.Launcher.main(Launcher.java:347)\nCaused by: io.cucumber.core.backend.CucumberBackendException: Error creating bean with name 'org.eugens21.luma.steps.HomePageSteps': Unsatisfied dependency expressed through constructor parameter 1: Error creating bean with name 'browserService': Invocation of init method failed\n\tat io.cucumber.spring.SpringFactory.getInstance(SpringFactory.java:136)\n\tat io.cucumber.java.AbstractGlueDefinition.invokeMethod(AbstractGlueDefinition.java:47)\n\tat io.cucumber.java.JavaStepDefinition.execute(JavaStepDefinition.java:29)\n\tat io.cucumber.core.runner.CoreStepDefinition.execute(CoreStepDefinition.java:66)\n\tat io.cucumber.core.runner.PickleStepDefinitionMatch.runStep(PickleStepDefinitionMatch.java:63)\n\t... 76 more\nCaused by: org.springframework.beans.factory.UnsatisfiedDependencyException: Error creating bean with name 'org.eugens21.luma.steps.HomePageSteps': Unsatisfied dependency expressed through constructor parameter 1: Error creating bean with name 'browserService': Invocation of init method failed\n\tat org.springframework.beans.factory.support.ConstructorResolver.createArgumentArray(ConstructorResolver.java:798)\n\tat org.springframework.beans.factory.support.ConstructorResolver.autowireConstructor(ConstructorResolver.java:245)\n\tat org.springframework.beans.factory.support.AbstractAutowireCapableBeanFactory.autowireConstructor(AbstractAutowireCapableBeanFactory.java:1344)\n\tat org.springframework.beans.factory.support.AbstractAutowireCapableBeanFactory.createBeanInstance(AbstractAutowireCapableBeanFactory.java:1188)\n\tat org.springframework.beans.factory.support.AbstractAutowireCapableBeanFactory.doCreateBean(AbstractAutowireCapableBeanFactory.java:561)\n\tat org.springframework.beans.factory.support.AbstractAutowireCapableBeanFactory.createBean(AbstractAutowireCapableBeanFactory.java:521)\n\tat org.springframework.beans.factory.support.AbstractBeanFactory.lambda$doGetBean$1(AbstractBeanFactory.java:365)\n\tat io.cucumber.spring.CucumberScenarioScope.get(CucumberScenarioScope.java:13)\n\tat org.springframework.beans.factory.support.AbstractBeanFactory.doGetBean(AbstractBeanFactory.java:362)\n\tat org.springframework.beans.factory.support.AbstractBeanFactory.getBean(AbstractBeanFactory.java:225)\n\tat org.springframework.beans.factory.support.DefaultListableBeanFactory.resolveNamedBean(DefaultListableBeanFactory.java:1298)\n\tat org.springframework.beans.factory.support.DefaultListableBeanFactory.resolveNamedBean(DefaultListableBeanFactory.java:1259)\n\tat org.springframework.beans.factory.support.DefaultListableBeanFactory.resolveBean(DefaultListableBeanFactory.java:483)\n\tat org.springframework.beans.factory.support.DefaultListableBeanFactory.getBean(DefaultListableBeanFactory.java:338)\n\tat org.springframework.beans.factory.support.DefaultListableBeanFactory.getBean(DefaultListableBeanFactory.java:331)\n\tat org.springframework.context.support.AbstractApplicationContext.getBean(AbstractApplicationContext.java:1148)\n\tat io.cucumber.spring.TestContextAdaptor.getInstance(TestContextAdaptor.java:232)\n\tat io.cucumber.spring.SpringFactory.getInstance(SpringFactory.java:134)\n\t... 80 more\nCaused by: org.springframework.beans.factory.BeanCreationException: Error creating bean with name 'browserService': Invocation of init method failed\n\tat org.springframework.beans.factory.annotation.InitDestroyAnnotationBeanPostProcessor.postProcessBeforeInitialization(InitDestroyAnnotationBeanPostProcessor.java:195)\n\tat org.springframework.beans.factory.support.AbstractAutowireCapableBeanFactory.applyBeanPostProcessorsBeforeInitialization(AbstractAutowireCapableBeanFactory.java:420)\n\tat org.springframework.beans.factory.support.AbstractAutowireCapableBeanFactory.initializeBean(AbstractAutowireCapableBeanFactory.java:1743)\n\tat org.springframework.beans.factory.support.AbstractAutowireCapableBeanFactory.doCreateBean(AbstractAutowireCapableBeanFactory.java:599)\n\tat org.springframework.beans.factory.support.AbstractAutowireCapableBeanFactory.createBean(AbstractAutowireCapableBeanFactory.java:521)\n\tat org.springframework.beans.factory.support.AbstractBeanFactory.lambda$doGetBean$0(AbstractBeanFactory.java:326)\n\tat org.springframework.beans.factory.support.DefaultSingletonBeanRegistry.getSingleton(DefaultSingletonBeanRegistry.java:234)\n\tat org.springframework.beans.factory.support.AbstractBeanFactory.doGetBean(AbstractBeanFactory.java:324)\n\tat org.springframework.beans.factory.support.AbstractBeanFactory.getBean(AbstractBeanFactory.java:200)\n\tat org.springframework.beans.factory.config.DependencyDescriptor.resolveCandidate(DependencyDescriptor.java:254)\n\tat org.springframework.beans.factory.support.DefaultListableBeanFactory.doResolveDependency(DefaultListableBeanFactory.java:1405)\n\tat org.springframework.beans.factory.support.DefaultListableBeanFactory.resolveDependency(DefaultListableBeanFactory.java:1325)\n\tat org.springframework.beans.factory.support.ConstructorResolver.resolveAutowiredArgument(ConstructorResolver.java:885)\n\tat org.springframework.beans.factory.support.ConstructorResolver.createArgumentArray(ConstructorResolver.java:789)\n\t... 97 more\nCaused by: com.microsoft.playwright.PlaywrightException: Error {\n  message='Executable doesn't exist at /home/runner/.cache/ms-playwright/chromium-1033/chrome-linux/chrome\n╔══════════════════════════════════════════════════════════════════════════════════════════╗\n║ Looks like Playwright was just installed or updated.                                     ║\n║ Please run the following command to download new browsers:                               ║\n║                                                                                          ║\n║     mvn exec:java -e -Dexec.mainClass=com.microsoft.playwright.CLI -Dexec.args=\"install\" ║\n║                                                                                          ║\n║ <3 Playwright Team                                                                       ║\n╚══════════════════════════════════════════════════════════════════════════════════════════╝\n  name='Error\n  stack='Error: Executable doesn't exist at /home/runner/.cache/ms-playwright/chromium-1033/chrome-linux/chrome\n╔══════════════════════════════════════════════════════════════════════════════════════════╗\n║ Looks like Playwright was just installed or updated.                                     ║\n║ Please run the following command to download new browsers:                               ║\n║                                                                                          ║\n║     mvn exec:java -e -Dexec.mainClass=com.microsoft.playwright.CLI -Dexec.args=\"install\" ║\n║                                                                                          ║\n║ <3 Playwright Team                                                                       ║\n╚══════════════════════════════════════════════════════════════════════════════════════════╝\n    at executablePathOrDie (/tmp/playwright-java-1456659613254856136/package/lib/server/registry/index.js:298:15)\n    at Object.executablePathOrDie (/tmp/playwright-java-1456659613254856136/package/lib/server/registry/index.js:311:43)\n    at Chromium._launchProcess (/tmp/playwright-java-1456659613254856136/package/lib/server/browserType.js:174:39)\n    at async Chromium._innerLaunch (/tmp/playwright-java-1456659613254856136/package/lib/server/browserType.js:105:9)\n    at async Chromium._innerLaunchWithRetries (/tmp/playwright-java-1456659613254856136/package/lib/server/browserType.js:86:14)\n    at async ProgressController.run (/tmp/playwright-java-1456659613254856136/package/lib/server/progress.js:97:22)\n    at async Chromium.launch (/tmp/playwright-java-1456659613254856136/package/lib/server/browserType.js:63:21)\n    at async BrowserTypeDispatcher.launch (/tmp/playwright-java-1456659613254856136/package/lib/server/dispatchers/browserTypeDispatcher.js:35:21)\n    at async DispatcherConnection.dispatch (/tmp/playwright-java-1456659613254856136/package/lib/server/dispatchers/dispatcher.js:317:22)\n}\n\tat com.microsoft.playwright.impl.WaitableResult.get(WaitableResult.java:54)\n\tat com.microsoft.playwright.impl.ChannelOwner.runUntil(ChannelOwner.java:111)\n\tat com.microsoft.playwright.impl.Connection.sendMessage(Connection.java:119)\n\tat com.microsoft.playwright.impl.ChannelOwner.sendMessage(ChannelOwner.java:102)\n\tat com.microsoft.playwright.impl.BrowserTypeImpl.launchImpl(BrowserTypeImpl.java:52)\n\tat com.microsoft.playwright.impl.BrowserTypeImpl.lambda$launch$0(BrowserTypeImpl.java:44)\n\tat com.microsoft.playwright.impl.LoggingSupport.withLogging(LoggingSupport.java:47)\n\tat com.microsoft.playwright.impl.ChannelOwner.withLogging(ChannelOwner.java:87)\n\tat com.microsoft.playwright.impl.BrowserTypeImpl.launch(BrowserTypeImpl.java:44)\n\tat com.microsoft.playwright.impl.BrowserTypeImpl.launch(BrowserTypeImpl.java:35)\n\tat org.eugens21.luma.web.service.BrowserService.launchBrowser(BrowserService.java:37)\n\tat org.eugens21.luma.web.service.BrowserService.configureBrowserContext(BrowserService.java:45)\n\tat org.eugens21.luma.web.service.BrowserService.launchAndInitializeContext(BrowserService.java:53)\n\tat java.base/jdk.internal.reflect.NativeMethodAccessorImpl.invoke0(Native Method)\n\tat java.base/jdk.internal.reflect.NativeMethodAccessorImpl.invoke(NativeMethodAccessorImpl.java:77)\n\tat java.base/jdk.internal.reflect.DelegatingMethodAccessorImpl.invoke(DelegatingMethodAccessorImpl.java:43)\n\tat java.base/java.lang.reflect.Method.invoke(Method.java:568)\n\tat org.springframework.beans.factory.annotation.InitDestroyAnnotationBeanPostProcessor$LifecycleElement.invoke(InitDestroyAnnotationBeanPostProcessor.java:424)\n\tat org.springframework.beans.factory.annotation.InitDestroyAnnotationBeanPostProcessor$LifecycleMetadata.invokeInitMethods(InitDestroyAnnotationBeanPostProcessor.java:368)\n\tat org.springframework.beans.factory.annotation.InitDestroyAnnotationBeanPostProcessor.postProcessBeforeInitialization(InitDestroyAnnotationBeanPostProcessor.java:192)\n\t... 110 more\nCaused by: com.microsoft.playwright.impl.DriverException: Error {\n  message='Executable doesn't exist at /home/runner/.cache/ms-playwright/chromium-1033/chrome-linux/chrome\n╔══════════════════════════════════════════════════════════════════════════════════════════╗\n║ Looks like Playwright was just installed or updated.                                     ║\n║ Please run the following command to download new browsers:                               ║\n║                                                                                          ║\n║     mvn exec:java -e -Dexec.mainClass=com.microsoft.playwright.CLI -Dexec.args=\"install\" ║\n║                                                                                          ║\n║ <3 Playwright Team                                                                       ║\n╚══════════════════════════════════════════════════════════════════════════════════════════╝\n  name='Error\n  stack='Error: Executable doesn't exist at /home/runner/.cache/ms-playwright/chromium-1033/chrome-linux/chrome\n╔══════════════════════════════════════════════════════════════════════════════════════════╗\n║ Looks like Playwright was just installed or updated.                                     ║\n║ Please run the following command to download new browsers:                               ║\n║                                                                                          ║\n║     mvn exec:java -e -Dexec.mainClass=com.microsoft.playwright.CLI -Dexec.args=\"install\" ║\n║                                                                                          ║\n║ <3 Playwright Team                                                                       ║\n╚══════════════════════════════════════════════════════════════════════════════════════════╝\n    at executablePathOrDie (/tmp/playwright-java-1456659613254856136/package/lib/server/registry/index.js:298:15)\n    at Object.executablePathOrDie (/tmp/playwright-java-1456659613254856136/package/lib/server/registry/index.js:311:43)\n    at Chromium._launchProcess (/tmp/playwright-java-1456659613254856136/package/lib/server/browserType.js:174:39)\n    at async Chromium._innerLaunch (/tmp/playwright-java-1456659613254856136/package/lib/server/browserType.js:105:9)\n    at async Chromium._innerLaunchWithRetries (/tmp/playwright-java-1456659613254856136/package/lib/server/browserType.js:86:14)\n    at async ProgressController.run (/tmp/playwright-java-1456659613254856136/package/lib/server/progress.js:97:22)\n    at async Chromium.launch (/tmp/playwright-java-1456659613254856136/package/lib/server/browserType.js:63:21)\n    at async BrowserTypeDispatcher.launch (/tmp/playwright-java-1456659613254856136/package/lib/server/dispatchers/browserTypeDispatcher.js:35:21)\n    at async DispatcherConnection.dispatch (/tmp/playwright-java-1456659613254856136/package/lib/server/dispatchers/dispatcher.js:317:22)\n}\n\tat com.microsoft.playwright.impl.Connection.dispatch(Connection.java:201)\n\tat com.microsoft.playwright.impl.Connection.processOneMessage(Connection.java:181)\n\tat com.microsoft.playwright.impl.ChannelOwner.runUntil(ChannelOwner.java:109)\n\t... 128 more\n","steps":[],"attachments":[],"parameters":[],"stepsCount":0,"attachmentsCount":0,"shouldDisplayMessage":true,"hasContent":true},{"name":"And  he is on home page","time":{"start":1675944862719,"stop":1675944862719,"duration":0},"status":"skipped","steps":[],"attachments":[],"parameters":[],"stepsCount":0,"attachmentsCount":0,"shouldDisplayMessage":false,"hasContent":false},{"name":"When  he search for a product with name 'pants'","time":{"start":1675944862719,"stop":1675944862719,"duration":0},"status":"skipped","steps":[],"attachments":[],"parameters":[],"stepsCount":0,"attachmentsCount":0,"shouldDisplayMessage":false,"hasContent":false},{"name":"Then  he should see the title 'Search results for: \\'pants\\''","time":{"start":1675944862719,"stop":1675944862719,"duration":0},"status":"skipped","steps":[],"attachments":[],"parameters":[],"stepsCount":0,"attachmentsCount":0,"shouldDisplayMessage":false,"hasContent":false},{"name":"And  he should see the amount 'Items 1-12 of 13'","time":{"start":1675944862719,"stop":1675944862719,"duration":0},"status":"skipped","steps":[],"attachments":[],"parameters":[],"stepsCount":0,"attachmentsCount":0,"shouldDisplayMessage":false,"hasContent":false},{"name":"When  he is sorting the grid 'ASC' by 'PRODUCT_NAME'","time":{"start":1675944862720,"stop":1675944862720,"duration":0},"status":"skipped","steps":[],"attachments":[],"parameters":[],"stepsCount":0,"attachmentsCount":0,"shouldDisplayMessage":false,"hasContent":false},{"name":"Then  he should see the grid sorted 'ASC' by 'PRODUCT_NAME'","time":{"start":1675944862720,"stop":1675944862720,"duration":0},"status":"skipped","steps":[],"attachments":[],"parameters":[],"stepsCount":0,"attachmentsCount":0,"shouldDisplayMessage":false,"hasContent":false}],"attachments":[],"parameters":[],"stepsCount":7,"attachmentsCount":0,"shouldDisplayMessage":false,"hasContent":true},"afterStages":[{"name":"org.eugens21.luma.hook.Screenshots.doScreenshot(io.cucumber.java.Scenario)","time":{"start":1675944862718,"stop":1675944862719,"duration":1},"status":"broken","statusMessage":"AFTER_STEP is failed: Cannot invoke \"com.microsoft.playwright.Page.screenshot()\" because \"value\" is null","statusTrace":"java.lang.NullPointerException: Cannot invoke \"com.microsoft.playwright.Page.screenshot()\" because \"value\" is null\n\tat org.eugens21.luma.hook.Screenshots.doScreenshot(Screenshots.java:25)\n","steps":[],"attachments":[],"parameters":[],"stepsCount":0,"attachmentsCount":0,"shouldDisplayMessage":true,"hasContent":true},{"name":"org.eugens21.luma.hook.Screenshots.doScreenshot(io.cucumber.java.Scenario)","time":{"start":1675944862719,"stop":1675944862719,"duration":0},"status":"skipped","statusMessage":"AFTER_STEP is failed.","steps":[],"attachments":[],"parameters":[],"stepsCount":0,"attachmentsCount":0,"shouldDisplayMessage":true,"hasContent":true},{"name":"org.eugens21.luma.hook.Screenshots.doScreenshot(io.cucumber.java.Scenario)","time":{"start":1675944862719,"stop":1675944862719,"duration":0},"status":"skipped","statusMessage":"AFTER_STEP is failed.","steps":[],"attachments":[],"parameters":[],"stepsCount":0,"attachmentsCount":0,"shouldDisplayMessage":true,"hasContent":true},{"name":"org.eugens21.luma.hook.Screenshots.doScreenshot(io.cucumber.java.Scenario)","time":{"start":1675944862719,"stop":1675944862719,"duration":0},"status":"skipped","statusMessage":"AFTER_STEP is failed.","steps":[],"attachments":[],"parameters":[],"stepsCount":0,"attachmentsCount":0,"shouldDisplayMessage":true,"hasContent":true},{"name":"org.eugens21.luma.hook.Screenshots.doScreenshot(io.cucumber.java.Scenario)","time":{"start":1675944862719,"stop":1675944862720,"duration":1},"status":"skipped","statusMessage":"AFTER_STEP is failed.","steps":[],"attachments":[],"parameters":[],"stepsCount":0,"attachmentsCount":0,"shouldDisplayMessage":true,"hasContent":true},{"name":"org.eugens21.luma.hook.Screenshots.doScreenshot(io.cucumber.java.Scenario)","time":{"start":1675944862720,"stop":1675944862720,"duration":0},"status":"skipped","statusMessage":"AFTER_STEP is failed.","steps":[],"attachments":[],"parameters":[],"stepsCount":0,"attachmentsCount":0,"shouldDisplayMessage":true,"hasContent":true},{"name":"org.eugens21.luma.hook.Screenshots.doScreenshot(io.cucumber.java.Scenario)","time":{"start":1675944862720,"stop":1675944862720,"duration":0},"status":"skipped","statusMessage":"AFTER_STEP is failed.","steps":[],"attachments":[],"parameters":[],"stepsCount":0,"attachmentsCount":0,"shouldDisplayMessage":true,"hasContent":true},{"name":"org.eugens21.luma.hook.BrowserHooks.closePage()","time":{"start":1675944862720,"stop":1675944862720,"duration":0},"status":"passed","steps":[],"attachments":[],"parameters":[],"stepsCount":0,"attachmentsCount":0,"shouldDisplayMessage":false,"hasContent":false},{"name":"org.eugens21.luma.hook.AssertionHooks.doAssertAll()","time":{"start":1675944862720,"stop":1675944862721,"duration":1},"status":"passed","steps":[],"attachments":[],"parameters":[],"stepsCount":0,"attachmentsCount":0,"shouldDisplayMessage":false,"hasContent":false}],"labels":[{"name":"tag","value":"ui"},{"name":"host","value":"fv-az450-556"},{"name":"thread","value":"2239@fv-az450-556.main(1)"},{"name":"feature","value":"Verify search functionality"},{"name":"story","value":"Verify 'ASC' sorting by 'PRODUCT_NAME' criteria"},{"name":"suite","value":"Verify search functionality"},{"name":"testClass","value":"Verify 'ASC' sorting by 'PRODUCT_NAME' criteria"},{"name":"framework","value":"cucumber4jvm"},{"name":"language","value":"java"},{"name":"gherkin_uri","value":"file:///home/runner/work/playwright/playwright/src/test/resources/features/SearchResultsTest.feature"},{"name":"package","value":"src.test.resources.features.SearchResultsTest_feature.Verify search functionality"},{"name":"resultFormat","value":"allure2"}],"parameters":[{"name":"Sort Criteria","value":"PRODUCT_NAME"},{"name":"Strategy","value":"ASC"}],"links":[],"hidden":false,"retry":false,"extra":{"severity":"normal","retries":[],"categories":[{"name":"Test defects","matchedStatuses":[],"flaky":false}],"history":{"statistic":{"failed":0,"broken":1,"skipped":0,"passed":5,"unknown":0,"total":6},"items":[{"uid":"64565ae06c4b9125","reportUrl":"https://EugenS21.github.io/playwright/48//#testresult/64565ae06c4b9125","status":"passed","time":{"start":1675944610742,"stop":1675944617395,"duration":6653}},{"uid":"8683db0b662ca5c8","reportUrl":"https://EugenS21.github.io/playwright/47//#testresult/8683db0b662ca5c8","status":"passed","time":{"start":1675944418572,"stop":1675944425330,"duration":6758}},{"uid":"ed65aad292b6724c","reportUrl":"https://EugenS21.github.io/playwright/46//#testresult/ed65aad292b6724c","status":"passed","time":{"start":1675942706395,"stop":1675942713428,"duration":7033}},{"uid":"70ee0ff8cc5c6228","reportUrl":"https://EugenS21.github.io/playwright/45//#testresult/70ee0ff8cc5c6228","status":"passed","time":{"start":1675942363435,"stop":1675942369454,"duration":6019}},{"uid":"7272b19ae92b5d07","reportUrl":"https://EugenS21.github.io/playwright/43//#testresult/7272b19ae92b5d07","status":"passed","time":{"start":1675942070749,"stop":1675942076577,"duration":5828}}]},"tags":["ui"]},"source":"c749359a41aa5a0f.json","parameterValues":["PRODUCT_NAME","ASC"]}